DEBUG 2024-10-28 16:01:47,322 base Exception while resolving variable 'name' in template 'unknown'.
Traceback (most recent call last):
  File "/usr/local/lib/python3.12/site-packages/django/core/handlers/exception.py", line 55, in inner
    response = get_response(request)
               ^^^^^^^^^^^^^^^^^^^^^
  File "/usr/local/lib/python3.12/site-packages/django/core/handlers/base.py", line 181, in _get_response
    callback, callback_args, callback_kwargs = self.resolve_request(request)
                                               ^^^^^^^^^^^^^^^^^^^^^^^^^^^^^
  File "/usr/local/lib/python3.12/site-packages/django/core/handlers/base.py", line 313, in resolve_request
    resolver_match = resolver.resolve(request.path_info)
                     ^^^^^^^^^^^^^^^^^^^^^^^^^^^^^^^^^^^
  File "/usr/local/lib/python3.12/site-packages/django/urls/resolvers.py", line 705, in resolve
    raise Resolver404({"tried": tried, "path": new_path})
django.urls.exceptions.Resolver404: {'tried': [[<URLResolver <URLPattern list> (admin:admin) 'admin/'>], [<URLPattern '' [name='home']>], [<URLResolver <module 'users.urls' from '/app/users/urls.py'> (None:None) ''>, <URLPattern 'register/' [name='register']>], [<URLResolver <module 'users.urls' from '/app/users/urls.py'> (None:None) ''>, <URLPattern 'login/' [name='login']>], [<URLResolver <module 'users.urls' from '/app/users/urls.py'> (None:None) ''>, <URLPattern 'oauth2/login/' [name='oauth2_login']>], [<URLResolver <module 'users.urls' from '/app/users/urls.py'> (None:None) ''>, <URLPattern 'oauth2/callback/' [name='oauth2_callback']>]], 'path': 'admin'}

During handling of the above exception, another exception occurred:

Traceback (most recent call last):
  File "/usr/local/lib/python3.12/site-packages/django/template/base.py", line 883, in _resolve_lookup
    current = current[bit]
              ~~~~~~~^^^^^
TypeError: 'URLResolver' object is not subscriptable

During handling of the above exception, another exception occurred:

Traceback (most recent call last):
  File "/usr/local/lib/python3.12/site-packages/django/template/base.py", line 893, in _resolve_lookup
    current = getattr(current, bit)
              ^^^^^^^^^^^^^^^^^^^^^
AttributeError: 'URLResolver' object has no attribute 'name'

During handling of the above exception, another exception occurred:

Traceback (most recent call last):
  File "/usr/local/lib/python3.12/site-packages/django/template/base.py", line 899, in _resolve_lookup
    current = current[int(bit)]
                      ^^^^^^^^
ValueError: invalid literal for int() with base 10: 'name'

During handling of the above exception, another exception occurred:

Traceback (most recent call last):
  File "/usr/local/lib/python3.12/site-packages/django/template/base.py", line 906, in _resolve_lookup
    raise VariableDoesNotExist(
django.template.base.VariableDoesNotExist: Failed lookup for key [name] in <URLResolver <URLPattern list> (admin:admin) 'admin/'>
DEBUG 2024-10-28 16:01:53,288 utils (0.003) SELECT "users_user"."id", "users_user"."password", "users_user"."last_login", "users_user"."is_superuser", "users_user"."username", "users_user"."first_name", "users_user"."last_name", "users_user"."email", "users_user"."is_staff", "users_user"."is_active", "users_user"."date_joined" FROM "users_user" WHERE "users_user"."username" = 'admin' LIMIT 21; args=('admin',); alias=default
DEBUG 2024-11-06 14:55:50,263 utils (0.003) 
            SELECT
                c.relname,
                CASE
                    WHEN c.relispartition THEN 'p'
                    WHEN c.relkind IN ('m', 'v') THEN 'v'
                    ELSE 't'
                END,
                obj_description(c.oid, 'pg_class')
            FROM pg_catalog.pg_class c
            LEFT JOIN pg_catalog.pg_namespace n ON n.oid = c.relnamespace
            WHERE c.relkind IN ('f', 'm', 'p', 'r', 'v')
                AND n.nspname NOT IN ('pg_catalog', 'pg_toast')
                AND pg_catalog.pg_table_is_visible(c.oid)
        ; args=None; alias=default
DEBUG 2024-11-06 14:55:50,263 utils (0.000) BEGIN; args=None; alias=default
DEBUG 2024-11-06 14:55:50,264 utils (0.000) COMMIT; args=None; alias=default
DEBUG 2024-11-06 14:55:50,992 utils (0.002) 
            SELECT
                c.relname,
                CASE
                    WHEN c.relispartition THEN 'p'
                    WHEN c.relkind IN ('m', 'v') THEN 'v'
                    ELSE 't'
                END,
                obj_description(c.oid, 'pg_class')
            FROM pg_catalog.pg_class c
            LEFT JOIN pg_catalog.pg_namespace n ON n.oid = c.relnamespace
            WHERE c.relkind IN ('f', 'm', 'p', 'r', 'v')
                AND n.nspname NOT IN ('pg_catalog', 'pg_toast')
                AND pg_catalog.pg_table_is_visible(c.oid)
        ; args=None; alias=default
DEBUG 2024-11-06 14:55:51,711 utils (0.003) 
            SELECT
                c.relname,
                CASE
                    WHEN c.relispartition THEN 'p'
                    WHEN c.relkind IN ('m', 'v') THEN 'v'
                    ELSE 't'
                END,
                obj_description(c.oid, 'pg_class')
            FROM pg_catalog.pg_class c
            LEFT JOIN pg_catalog.pg_namespace n ON n.oid = c.relnamespace
            WHERE c.relkind IN ('f', 'm', 'p', 'r', 'v')
                AND n.nspname NOT IN ('pg_catalog', 'pg_toast')
                AND pg_catalog.pg_table_is_visible(c.oid)
        ; args=None; alias=default
DEBUG 2024-11-06 14:55:51,712 utils (0.000) 
            SELECT
                c.relname,
                CASE
                    WHEN c.relispartition THEN 'p'
                    WHEN c.relkind IN ('m', 'v') THEN 'v'
                    ELSE 't'
                END,
                obj_description(c.oid, 'pg_class')
            FROM pg_catalog.pg_class c
            LEFT JOIN pg_catalog.pg_namespace n ON n.oid = c.relnamespace
            WHERE c.relkind IN ('f', 'm', 'p', 'r', 'v')
                AND n.nspname NOT IN ('pg_catalog', 'pg_toast')
                AND pg_catalog.pg_table_is_visible(c.oid)
        ; args=None; alias=default
DEBUG 2024-11-06 14:55:51,712 utils (0.000) 
            SELECT
                c.relname,
                CASE
                    WHEN c.relispartition THEN 'p'
                    WHEN c.relkind IN ('m', 'v') THEN 'v'
                    ELSE 't'
                END,
                obj_description(c.oid, 'pg_class')
            FROM pg_catalog.pg_class c
            LEFT JOIN pg_catalog.pg_namespace n ON n.oid = c.relnamespace
            WHERE c.relkind IN ('f', 'm', 'p', 'r', 'v')
                AND n.nspname NOT IN ('pg_catalog', 'pg_toast')
                AND pg_catalog.pg_table_is_visible(c.oid)
        ; args=None; alias=default
DEBUG 2024-11-06 14:55:51,713 utils (0.000) BEGIN; args=None; alias=default
DEBUG 2024-11-06 14:55:51,713 schema CREATE TABLE "django_migrations" ("id" bigint NOT NULL PRIMARY KEY GENERATED BY DEFAULT AS IDENTITY, "app" varchar(255) NOT NULL, "name" varchar(255) NOT NULL, "applied" timestamp with time zone NOT NULL); (params None)
DEBUG 2024-11-06 14:55:51,722 utils (0.009) CREATE TABLE "django_migrations" ("id" bigint NOT NULL PRIMARY KEY GENERATED BY DEFAULT AS IDENTITY, "app" varchar(255) NOT NULL, "name" varchar(255) NOT NULL, "applied" timestamp with time zone NOT NULL); args=None; alias=default
DEBUG 2024-11-06 14:55:51,723 utils (0.002) COMMIT; args=None; alias=default
DEBUG 2024-11-06 14:55:51,724 utils (0.000) BEGIN; args=None; alias=default
DEBUG 2024-11-06 14:55:51,724 schema CREATE TABLE "django_content_type" ("id" integer NOT NULL PRIMARY KEY GENERATED BY DEFAULT AS IDENTITY, "name" varchar(100) NOT NULL, "app_label" varchar(100) NOT NULL, "model" varchar(100) NOT NULL); (params None)
DEBUG 2024-11-06 14:55:51,728 utils (0.004) CREATE TABLE "django_content_type" ("id" integer NOT NULL PRIMARY KEY GENERATED BY DEFAULT AS IDENTITY, "name" varchar(100) NOT NULL, "app_label" varchar(100) NOT NULL, "model" varchar(100) NOT NULL); args=None; alias=default
DEBUG 2024-11-06 14:55:51,730 schema ALTER TABLE "django_content_type" ADD CONSTRAINT "django_content_type_app_label_model_76bd3d3b_uniq" UNIQUE ("app_label", "model"); (params None)
DEBUG 2024-11-06 14:55:51,733 utils (0.003) ALTER TABLE "django_content_type" ADD CONSTRAINT "django_content_type_app_label_model_76bd3d3b_uniq" UNIQUE ("app_label", "model"); args=None; alias=default
DEBUG 2024-11-06 14:55:51,734 utils (0.001) 
            SELECT
                c.relname,
                CASE
                    WHEN c.relispartition THEN 'p'
                    WHEN c.relkind IN ('m', 'v') THEN 'v'
                    ELSE 't'
                END,
                obj_description(c.oid, 'pg_class')
            FROM pg_catalog.pg_class c
            LEFT JOIN pg_catalog.pg_namespace n ON n.oid = c.relnamespace
            WHERE c.relkind IN ('f', 'm', 'p', 'r', 'v')
                AND n.nspname NOT IN ('pg_catalog', 'pg_toast')
                AND pg_catalog.pg_table_is_visible(c.oid)
        ; args=None; alias=default
DEBUG 2024-11-06 14:55:51,735 utils (0.000) INSERT INTO "django_migrations" ("app", "name", "applied") VALUES ('contenttypes', '0001_initial', '2024-11-06T13:55:51.734603+00:00'::timestamptz) RETURNING "django_migrations"."id"; args=('contenttypes', '0001_initial', datetime.datetime(2024, 11, 6, 13, 55, 51, 734603, tzinfo=datetime.timezone.utc)); alias=default
DEBUG 2024-11-06 14:55:51,736 utils (0.001) COMMIT; args=None; alias=default
DEBUG 2024-11-06 14:55:51,736 utils (0.000) BEGIN; args=None; alias=default
DEBUG 2024-11-06 14:55:51,738 schema ALTER TABLE "django_content_type" ALTER COLUMN "name" DROP NOT NULL; (params None)
DEBUG 2024-11-06 14:55:51,738 utils (0.000) ALTER TABLE "django_content_type" ALTER COLUMN "name" DROP NOT NULL; args=None; alias=default
DEBUG 2024-11-06 14:55:51,739 schema ALTER TABLE "django_content_type" DROP COLUMN "name" CASCADE; (params None)
DEBUG 2024-11-06 14:55:51,739 utils (0.000) ALTER TABLE "django_content_type" DROP COLUMN "name" CASCADE; args=None; alias=default
DEBUG 2024-11-06 14:55:51,739 utils (0.000) INSERT INTO "django_migrations" ("app", "name", "applied") VALUES ('contenttypes', '0002_remove_content_type_name', '2024-11-06T13:55:51.739664+00:00'::timestamptz) RETURNING "django_migrations"."id"; args=('contenttypes', '0002_remove_content_type_name', datetime.datetime(2024, 11, 6, 13, 55, 51, 739664, tzinfo=datetime.timezone.utc)); alias=default
DEBUG 2024-11-06 14:55:51,741 utils (0.001) COMMIT; args=None; alias=default
DEBUG 2024-11-06 14:55:51,741 utils (0.000) BEGIN; args=None; alias=default
DEBUG 2024-11-06 14:55:51,742 schema CREATE TABLE "auth_permission" ("id" integer NOT NULL PRIMARY KEY GENERATED BY DEFAULT AS IDENTITY, "name" varchar(50) NOT NULL, "content_type_id" integer NOT NULL, "codename" varchar(100) NOT NULL); (params None)
DEBUG 2024-11-06 14:55:51,746 utils (0.004) CREATE TABLE "auth_permission" ("id" integer NOT NULL PRIMARY KEY GENERATED BY DEFAULT AS IDENTITY, "name" varchar(50) NOT NULL, "content_type_id" integer NOT NULL, "codename" varchar(100) NOT NULL); args=None; alias=default
DEBUG 2024-11-06 14:55:51,748 schema CREATE TABLE "auth_group" ("id" integer NOT NULL PRIMARY KEY GENERATED BY DEFAULT AS IDENTITY, "name" varchar(80) NOT NULL UNIQUE); (params None)
DEBUG 2024-11-06 14:55:51,754 utils (0.006) CREATE TABLE "auth_group" ("id" integer NOT NULL PRIMARY KEY GENERATED BY DEFAULT AS IDENTITY, "name" varchar(80) NOT NULL UNIQUE); args=None; alias=default
DEBUG 2024-11-06 14:55:51,754 schema CREATE TABLE "auth_group_permissions" ("id" bigint NOT NULL PRIMARY KEY GENERATED BY DEFAULT AS IDENTITY, "group_id" integer NOT NULL, "permission_id" integer NOT NULL); (params None)
DEBUG 2024-11-06 14:55:51,757 utils (0.003) CREATE TABLE "auth_group_permissions" ("id" bigint NOT NULL PRIMARY KEY GENERATED BY DEFAULT AS IDENTITY, "group_id" integer NOT NULL, "permission_id" integer NOT NULL); args=None; alias=default
DEBUG 2024-11-06 14:55:51,759 schema ALTER TABLE "auth_permission" ADD CONSTRAINT "auth_permission_content_type_id_codename_01ab375a_uniq" UNIQUE ("content_type_id", "codename"); (params None)
DEBUG 2024-11-06 14:55:51,763 utils (0.004) ALTER TABLE "auth_permission" ADD CONSTRAINT "auth_permission_content_type_id_codename_01ab375a_uniq" UNIQUE ("content_type_id", "codename"); args=None; alias=default
DEBUG 2024-11-06 14:55:51,763 schema ALTER TABLE "auth_permission" ADD CONSTRAINT "auth_permission_content_type_id_2f476e4b_fk_django_co" FOREIGN KEY ("content_type_id") REFERENCES "django_content_type" ("id") DEFERRABLE INITIALLY DEFERRED; (params None)
DEBUG 2024-11-06 14:55:51,764 utils (0.001) ALTER TABLE "auth_permission" ADD CONSTRAINT "auth_permission_content_type_id_2f476e4b_fk_django_co" FOREIGN KEY ("content_type_id") REFERENCES "django_content_type" ("id") DEFERRABLE INITIALLY DEFERRED; args=None; alias=default
DEBUG 2024-11-06 14:55:51,765 schema CREATE INDEX "auth_permission_content_type_id_2f476e4b" ON "auth_permission" ("content_type_id"); (params None)
DEBUG 2024-11-06 14:55:51,767 utils (0.003) CREATE INDEX "auth_permission_content_type_id_2f476e4b" ON "auth_permission" ("content_type_id"); args=None; alias=default
DEBUG 2024-11-06 14:55:51,767 schema CREATE INDEX "auth_group_name_a6ea08ec_like" ON "auth_group" ("name" varchar_pattern_ops); (params None)
DEBUG 2024-11-06 14:55:51,770 utils (0.003) CREATE INDEX "auth_group_name_a6ea08ec_like" ON "auth_group" ("name" varchar_pattern_ops); args=None; alias=default
DEBUG 2024-11-06 14:55:51,770 schema ALTER TABLE "auth_group_permissions" ADD CONSTRAINT "auth_group_permissions_group_id_permission_id_0cd325b0_uniq" UNIQUE ("group_id", "permission_id"); (params None)
DEBUG 2024-11-06 14:55:51,773 utils (0.003) ALTER TABLE "auth_group_permissions" ADD CONSTRAINT "auth_group_permissions_group_id_permission_id_0cd325b0_uniq" UNIQUE ("group_id", "permission_id"); args=None; alias=default
DEBUG 2024-11-06 14:55:51,773 schema ALTER TABLE "auth_group_permissions" ADD CONSTRAINT "auth_group_permissions_group_id_b120cbf9_fk_auth_group_id" FOREIGN KEY ("group_id") REFERENCES "auth_group" ("id") DEFERRABLE INITIALLY DEFERRED; (params None)
DEBUG 2024-11-06 14:55:51,774 utils (0.001) ALTER TABLE "auth_group_permissions" ADD CONSTRAINT "auth_group_permissions_group_id_b120cbf9_fk_auth_group_id" FOREIGN KEY ("group_id") REFERENCES "auth_group" ("id") DEFERRABLE INITIALLY DEFERRED; args=None; alias=default
DEBUG 2024-11-06 14:55:51,774 schema ALTER TABLE "auth_group_permissions" ADD CONSTRAINT "auth_group_permissio_permission_id_84c5c92e_fk_auth_perm" FOREIGN KEY ("permission_id") REFERENCES "auth_permission" ("id") DEFERRABLE INITIALLY DEFERRED; (params None)
DEBUG 2024-11-06 14:55:51,775 utils (0.001) ALTER TABLE "auth_group_permissions" ADD CONSTRAINT "auth_group_permissio_permission_id_84c5c92e_fk_auth_perm" FOREIGN KEY ("permission_id") REFERENCES "auth_permission" ("id") DEFERRABLE INITIALLY DEFERRED; args=None; alias=default
DEBUG 2024-11-06 14:55:51,775 schema CREATE INDEX "auth_group_permissions_group_id_b120cbf9" ON "auth_group_permissions" ("group_id"); (params None)
DEBUG 2024-11-06 14:55:51,779 utils (0.003) CREATE INDEX "auth_group_permissions_group_id_b120cbf9" ON "auth_group_permissions" ("group_id"); args=None; alias=default
DEBUG 2024-11-06 14:55:51,779 schema CREATE INDEX "auth_group_permissions_permission_id_84c5c92e" ON "auth_group_permissions" ("permission_id"); (params None)
DEBUG 2024-11-06 14:55:51,781 utils (0.003) CREATE INDEX "auth_group_permissions_permission_id_84c5c92e" ON "auth_group_permissions" ("permission_id"); args=None; alias=default
DEBUG 2024-11-06 14:55:51,783 utils (0.002) COMMIT; args=None; alias=default
DEBUG 2024-11-06 14:55:51,785 utils (0.001) INSERT INTO "django_migrations" ("app", "name", "applied") VALUES ('auth', '0001_initial', '2024-11-06T13:55:51.783899+00:00'::timestamptz) RETURNING "django_migrations"."id"; args=('auth', '0001_initial', datetime.datetime(2024, 11, 6, 13, 55, 51, 783899, tzinfo=datetime.timezone.utc)); alias=default
DEBUG 2024-11-06 14:55:51,785 utils (0.000) BEGIN; args=None; alias=default
DEBUG 2024-11-06 14:55:51,787 schema ALTER TABLE "auth_permission" ALTER COLUMN "name" TYPE varchar(255); (params None)
DEBUG 2024-11-06 14:55:51,787 utils (0.000) ALTER TABLE "auth_permission" ALTER COLUMN "name" TYPE varchar(255); args=None; alias=default
DEBUG 2024-11-06 14:55:51,788 utils (0.000) INSERT INTO "django_migrations" ("app", "name", "applied") VALUES ('auth', '0002_alter_permission_name_max_length', '2024-11-06T13:55:51.787855+00:00'::timestamptz) RETURNING "django_migrations"."id"; args=('auth', '0002_alter_permission_name_max_length', datetime.datetime(2024, 11, 6, 13, 55, 51, 787855, tzinfo=datetime.timezone.utc)); alias=default
DEBUG 2024-11-06 14:55:51,789 utils (0.001) COMMIT; args=None; alias=default
DEBUG 2024-11-06 14:55:51,790 utils (0.000) BEGIN; args=None; alias=default
DEBUG 2024-11-06 14:55:51,793 utils (0.000) INSERT INTO "django_migrations" ("app", "name", "applied") VALUES ('auth', '0003_alter_user_email_max_length', '2024-11-06T13:55:51.792794+00:00'::timestamptz) RETURNING "django_migrations"."id"; args=('auth', '0003_alter_user_email_max_length', datetime.datetime(2024, 11, 6, 13, 55, 51, 792794, tzinfo=datetime.timezone.utc)); alias=default
DEBUG 2024-11-06 14:55:51,794 utils (0.001) COMMIT; args=None; alias=default
DEBUG 2024-11-06 14:55:51,794 utils (0.000) BEGIN; args=None; alias=default
DEBUG 2024-11-06 14:55:51,798 utils (0.000) INSERT INTO "django_migrations" ("app", "name", "applied") VALUES ('auth', '0004_alter_user_username_opts', '2024-11-06T13:55:51.798152+00:00'::timestamptz) RETURNING "django_migrations"."id"; args=('auth', '0004_alter_user_username_opts', datetime.datetime(2024, 11, 6, 13, 55, 51, 798152, tzinfo=datetime.timezone.utc)); alias=default
DEBUG 2024-11-06 14:55:51,799 utils (0.001) COMMIT; args=None; alias=default
DEBUG 2024-11-06 14:55:51,799 utils (0.000) BEGIN; args=None; alias=default
DEBUG 2024-11-06 14:55:51,802 utils (0.000) INSERT INTO "django_migrations" ("app", "name", "applied") VALUES ('auth', '0005_alter_user_last_login_null', '2024-11-06T13:55:51.801848+00:00'::timestamptz) RETURNING "django_migrations"."id"; args=('auth', '0005_alter_user_last_login_null', datetime.datetime(2024, 11, 6, 13, 55, 51, 801848, tzinfo=datetime.timezone.utc)); alias=default
DEBUG 2024-11-06 14:55:51,803 utils (0.001) COMMIT; args=None; alias=default
DEBUG 2024-11-06 14:55:51,803 utils (0.000) BEGIN; args=None; alias=default
DEBUG 2024-11-06 14:55:51,803 utils (0.000) INSERT INTO "django_migrations" ("app", "name", "applied") VALUES ('auth', '0006_require_contenttypes_0002', '2024-11-06T13:55:51.803764+00:00'::timestamptz) RETURNING "django_migrations"."id"; args=('auth', '0006_require_contenttypes_0002', datetime.datetime(2024, 11, 6, 13, 55, 51, 803764, tzinfo=datetime.timezone.utc)); alias=default
DEBUG 2024-11-06 14:55:51,805 utils (0.001) COMMIT; args=None; alias=default
DEBUG 2024-11-06 14:55:51,805 utils (0.000) BEGIN; args=None; alias=default
DEBUG 2024-11-06 14:55:51,819 utils (0.000) INSERT INTO "django_migrations" ("app", "name", "applied") VALUES ('auth', '0007_alter_validators_add_error_messages', '2024-11-06T13:55:51.819063+00:00'::timestamptz) RETURNING "django_migrations"."id"; args=('auth', '0007_alter_validators_add_error_messages', datetime.datetime(2024, 11, 6, 13, 55, 51, 819063, tzinfo=datetime.timezone.utc)); alias=default
DEBUG 2024-11-06 14:55:51,820 utils (0.001) COMMIT; args=None; alias=default
DEBUG 2024-11-06 14:55:51,820 utils (0.000) BEGIN; args=None; alias=default
DEBUG 2024-11-06 14:55:51,823 utils (0.000) INSERT INTO "django_migrations" ("app", "name", "applied") VALUES ('auth', '0008_alter_user_username_max_length', '2024-11-06T13:55:51.823351+00:00'::timestamptz) RETURNING "django_migrations"."id"; args=('auth', '0008_alter_user_username_max_length', datetime.datetime(2024, 11, 6, 13, 55, 51, 823351, tzinfo=datetime.timezone.utc)); alias=default
DEBUG 2024-11-06 14:55:51,824 utils (0.001) COMMIT; args=None; alias=default
DEBUG 2024-11-06 14:55:51,824 utils (0.000) BEGIN; args=None; alias=default
DEBUG 2024-11-06 14:55:51,827 utils (0.000) INSERT INTO "django_migrations" ("app", "name", "applied") VALUES ('auth', '0009_alter_user_last_name_max_length', '2024-11-06T13:55:51.827598+00:00'::timestamptz) RETURNING "django_migrations"."id"; args=('auth', '0009_alter_user_last_name_max_length', datetime.datetime(2024, 11, 6, 13, 55, 51, 827598, tzinfo=datetime.timezone.utc)); alias=default
DEBUG 2024-11-06 14:55:51,829 utils (0.001) COMMIT; args=None; alias=default
DEBUG 2024-11-06 14:55:51,829 utils (0.000) BEGIN; args=None; alias=default
DEBUG 2024-11-06 14:55:51,831 schema ALTER TABLE "auth_group" ALTER COLUMN "name" TYPE varchar(150); (params None)
DEBUG 2024-11-06 14:55:51,832 utils (0.001) ALTER TABLE "auth_group" ALTER COLUMN "name" TYPE varchar(150); args=None; alias=default
DEBUG 2024-11-06 14:55:51,832 utils (0.000) INSERT INTO "django_migrations" ("app", "name", "applied") VALUES ('auth', '0010_alter_group_name_max_length', '2024-11-06T13:55:51.832216+00:00'::timestamptz) RETURNING "django_migrations"."id"; args=('auth', '0010_alter_group_name_max_length', datetime.datetime(2024, 11, 6, 13, 55, 51, 832216, tzinfo=datetime.timezone.utc)); alias=default
DEBUG 2024-11-06 14:55:51,833 utils (0.001) COMMIT; args=None; alias=default
DEBUG 2024-11-06 14:55:51,834 utils (0.000) BEGIN; args=None; alias=default
DEBUG 2024-11-06 14:55:51,836 utils (0.000) INSERT INTO "django_migrations" ("app", "name", "applied") VALUES ('auth', '0011_update_proxy_permissions', '2024-11-06T13:55:51.836098+00:00'::timestamptz) RETURNING "django_migrations"."id"; args=('auth', '0011_update_proxy_permissions', datetime.datetime(2024, 11, 6, 13, 55, 51, 836098, tzinfo=datetime.timezone.utc)); alias=default
DEBUG 2024-11-06 14:55:51,837 utils (0.001) COMMIT; args=None; alias=default
DEBUG 2024-11-06 14:55:51,837 utils (0.000) BEGIN; args=None; alias=default
DEBUG 2024-11-06 14:55:51,840 utils (0.000) INSERT INTO "django_migrations" ("app", "name", "applied") VALUES ('auth', '0012_alter_user_first_name_max_length', '2024-11-06T13:55:51.839836+00:00'::timestamptz) RETURNING "django_migrations"."id"; args=('auth', '0012_alter_user_first_name_max_length', datetime.datetime(2024, 11, 6, 13, 55, 51, 839836, tzinfo=datetime.timezone.utc)); alias=default
DEBUG 2024-11-06 14:55:51,841 utils (0.001) COMMIT; args=None; alias=default
DEBUG 2024-11-06 14:55:51,841 utils (0.000) BEGIN; args=None; alias=default
DEBUG 2024-11-06 14:55:51,844 schema CREATE TABLE "users_user" ("id" bigint NOT NULL PRIMARY KEY GENERATED BY DEFAULT AS IDENTITY, "password" varchar(128) NOT NULL, "last_login" timestamp with time zone NULL, "is_superuser" boolean NOT NULL, "username" varchar(150) NOT NULL UNIQUE, "first_name" varchar(150) NOT NULL, "last_name" varchar(150) NOT NULL, "email" varchar(254) NOT NULL, "is_staff" boolean NOT NULL, "is_active" boolean NOT NULL, "date_joined" timestamp with time zone NOT NULL); (params None)
DEBUG 2024-11-06 14:55:51,854 utils (0.010) CREATE TABLE "users_user" ("id" bigint NOT NULL PRIMARY KEY GENERATED BY DEFAULT AS IDENTITY, "password" varchar(128) NOT NULL, "last_login" timestamp with time zone NULL, "is_superuser" boolean NOT NULL, "username" varchar(150) NOT NULL UNIQUE, "first_name" varchar(150) NOT NULL, "last_name" varchar(150) NOT NULL, "email" varchar(254) NOT NULL, "is_staff" boolean NOT NULL, "is_active" boolean NOT NULL, "date_joined" timestamp with time zone NOT NULL); args=None; alias=default
DEBUG 2024-11-06 14:55:51,855 schema CREATE TABLE "users_user_groups" ("id" bigint NOT NULL PRIMARY KEY GENERATED BY DEFAULT AS IDENTITY, "user_id" bigint NOT NULL, "group_id" integer NOT NULL); (params None)
DEBUG 2024-11-06 14:55:51,858 utils (0.003) CREATE TABLE "users_user_groups" ("id" bigint NOT NULL PRIMARY KEY GENERATED BY DEFAULT AS IDENTITY, "user_id" bigint NOT NULL, "group_id" integer NOT NULL); args=None; alias=default
DEBUG 2024-11-06 14:55:51,858 schema CREATE TABLE "users_user_user_permissions" ("id" bigint NOT NULL PRIMARY KEY GENERATED BY DEFAULT AS IDENTITY, "user_id" bigint NOT NULL, "permission_id" integer NOT NULL); (params None)
DEBUG 2024-11-06 14:55:51,862 utils (0.004) CREATE TABLE "users_user_user_permissions" ("id" bigint NOT NULL PRIMARY KEY GENERATED BY DEFAULT AS IDENTITY, "user_id" bigint NOT NULL, "permission_id" integer NOT NULL); args=None; alias=default
DEBUG 2024-11-06 14:55:51,863 schema CREATE INDEX "users_user_username_06e46fe6_like" ON "users_user" ("username" varchar_pattern_ops); (params None)
DEBUG 2024-11-06 14:55:51,866 utils (0.003) CREATE INDEX "users_user_username_06e46fe6_like" ON "users_user" ("username" varchar_pattern_ops); args=None; alias=default
DEBUG 2024-11-06 14:55:51,866 schema ALTER TABLE "users_user_groups" ADD CONSTRAINT "users_user_groups_user_id_group_id_b88eab82_uniq" UNIQUE ("user_id", "group_id"); (params None)
DEBUG 2024-11-06 14:55:51,870 utils (0.004) ALTER TABLE "users_user_groups" ADD CONSTRAINT "users_user_groups_user_id_group_id_b88eab82_uniq" UNIQUE ("user_id", "group_id"); args=None; alias=default
DEBUG 2024-11-06 14:55:51,870 schema ALTER TABLE "users_user_groups" ADD CONSTRAINT "users_user_groups_user_id_5f6f5a90_fk_users_user_id" FOREIGN KEY ("user_id") REFERENCES "users_user" ("id") DEFERRABLE INITIALLY DEFERRED; (params None)
DEBUG 2024-11-06 14:55:51,871 utils (0.001) ALTER TABLE "users_user_groups" ADD CONSTRAINT "users_user_groups_user_id_5f6f5a90_fk_users_user_id" FOREIGN KEY ("user_id") REFERENCES "users_user" ("id") DEFERRABLE INITIALLY DEFERRED; args=None; alias=default
DEBUG 2024-11-06 14:55:51,872 schema ALTER TABLE "users_user_groups" ADD CONSTRAINT "users_user_groups_group_id_9afc8d0e_fk_auth_group_id" FOREIGN KEY ("group_id") REFERENCES "auth_group" ("id") DEFERRABLE INITIALLY DEFERRED; (params None)
DEBUG 2024-11-06 14:55:51,872 utils (0.001) ALTER TABLE "users_user_groups" ADD CONSTRAINT "users_user_groups_group_id_9afc8d0e_fk_auth_group_id" FOREIGN KEY ("group_id") REFERENCES "auth_group" ("id") DEFERRABLE INITIALLY DEFERRED; args=None; alias=default
DEBUG 2024-11-06 14:55:51,873 schema CREATE INDEX "users_user_groups_user_id_5f6f5a90" ON "users_user_groups" ("user_id"); (params None)
DEBUG 2024-11-06 14:55:51,876 utils (0.004) CREATE INDEX "users_user_groups_user_id_5f6f5a90" ON "users_user_groups" ("user_id"); args=None; alias=default
DEBUG 2024-11-06 14:55:51,877 schema CREATE INDEX "users_user_groups_group_id_9afc8d0e" ON "users_user_groups" ("group_id"); (params None)
DEBUG 2024-11-06 14:55:51,881 utils (0.004) CREATE INDEX "users_user_groups_group_id_9afc8d0e" ON "users_user_groups" ("group_id"); args=None; alias=default
DEBUG 2024-11-06 14:55:51,881 schema ALTER TABLE "users_user_user_permissions" ADD CONSTRAINT "users_user_user_permissions_user_id_permission_id_43338c45_uniq" UNIQUE ("user_id", "permission_id"); (params None)
DEBUG 2024-11-06 14:55:51,885 utils (0.004) ALTER TABLE "users_user_user_permissions" ADD CONSTRAINT "users_user_user_permissions_user_id_permission_id_43338c45_uniq" UNIQUE ("user_id", "permission_id"); args=None; alias=default
DEBUG 2024-11-06 14:55:51,885 schema ALTER TABLE "users_user_user_permissions" ADD CONSTRAINT "users_user_user_permissions_user_id_20aca447_fk_users_user_id" FOREIGN KEY ("user_id") REFERENCES "users_user" ("id") DEFERRABLE INITIALLY DEFERRED; (params None)
DEBUG 2024-11-06 14:55:51,886 utils (0.001) ALTER TABLE "users_user_user_permissions" ADD CONSTRAINT "users_user_user_permissions_user_id_20aca447_fk_users_user_id" FOREIGN KEY ("user_id") REFERENCES "users_user" ("id") DEFERRABLE INITIALLY DEFERRED; args=None; alias=default
DEBUG 2024-11-06 14:55:51,886 schema ALTER TABLE "users_user_user_permissions" ADD CONSTRAINT "users_user_user_perm_permission_id_0b93982e_fk_auth_perm" FOREIGN KEY ("permission_id") REFERENCES "auth_permission" ("id") DEFERRABLE INITIALLY DEFERRED; (params None)
DEBUG 2024-11-06 14:55:51,887 utils (0.001) ALTER TABLE "users_user_user_permissions" ADD CONSTRAINT "users_user_user_perm_permission_id_0b93982e_fk_auth_perm" FOREIGN KEY ("permission_id") REFERENCES "auth_permission" ("id") DEFERRABLE INITIALLY DEFERRED; args=None; alias=default
DEBUG 2024-11-06 14:55:51,887 schema CREATE INDEX "users_user_user_permissions_user_id_20aca447" ON "users_user_user_permissions" ("user_id"); (params None)
DEBUG 2024-11-06 14:55:51,891 utils (0.004) CREATE INDEX "users_user_user_permissions_user_id_20aca447" ON "users_user_user_permissions" ("user_id"); args=None; alias=default
DEBUG 2024-11-06 14:55:51,891 schema CREATE INDEX "users_user_user_permissions_permission_id_0b93982e" ON "users_user_user_permissions" ("permission_id"); (params None)
DEBUG 2024-11-06 14:55:51,895 utils (0.004) CREATE INDEX "users_user_user_permissions_permission_id_0b93982e" ON "users_user_user_permissions" ("permission_id"); args=None; alias=default
DEBUG 2024-11-06 14:55:51,897 utils (0.001) COMMIT; args=None; alias=default
DEBUG 2024-11-06 14:55:51,899 utils (0.001) INSERT INTO "django_migrations" ("app", "name", "applied") VALUES ('users', '0001_initial', '2024-11-06T13:55:51.897646+00:00'::timestamptz) RETURNING "django_migrations"."id"; args=('users', '0001_initial', datetime.datetime(2024, 11, 6, 13, 55, 51, 897646, tzinfo=datetime.timezone.utc)); alias=default
DEBUG 2024-11-06 14:55:51,899 utils (0.000) BEGIN; args=None; alias=default
DEBUG 2024-11-06 14:55:51,902 schema CREATE TABLE "django_admin_log" ("id" integer NOT NULL PRIMARY KEY GENERATED BY DEFAULT AS IDENTITY, "action_time" timestamp with time zone NOT NULL, "object_id" text NULL, "object_repr" varchar(200) NOT NULL, "action_flag" smallint NOT NULL CHECK ("action_flag" >= 0), "change_message" text NOT NULL, "content_type_id" integer NULL, "user_id" bigint NOT NULL); (params None)
DEBUG 2024-11-06 14:55:51,908 utils (0.006) CREATE TABLE "django_admin_log" ("id" integer NOT NULL PRIMARY KEY GENERATED BY DEFAULT AS IDENTITY, "action_time" timestamp with time zone NOT NULL, "object_id" text NULL, "object_repr" varchar(200) NOT NULL, "action_flag" smallint NOT NULL CHECK ("action_flag" >= 0), "change_message" text NOT NULL, "content_type_id" integer NULL, "user_id" bigint NOT NULL); args=None; alias=default
DEBUG 2024-11-06 14:55:51,908 schema ALTER TABLE "django_admin_log" ADD CONSTRAINT "django_admin_log_content_type_id_c4bce8eb_fk_django_co" FOREIGN KEY ("content_type_id") REFERENCES "django_content_type" ("id") DEFERRABLE INITIALLY DEFERRED; (params None)
DEBUG 2024-11-06 14:55:51,909 utils (0.001) ALTER TABLE "django_admin_log" ADD CONSTRAINT "django_admin_log_content_type_id_c4bce8eb_fk_django_co" FOREIGN KEY ("content_type_id") REFERENCES "django_content_type" ("id") DEFERRABLE INITIALLY DEFERRED; args=None; alias=default
DEBUG 2024-11-06 14:55:51,909 schema ALTER TABLE "django_admin_log" ADD CONSTRAINT "django_admin_log_user_id_c564eba6_fk_users_user_id" FOREIGN KEY ("user_id") REFERENCES "users_user" ("id") DEFERRABLE INITIALLY DEFERRED; (params None)
DEBUG 2024-11-06 14:55:51,910 utils (0.001) ALTER TABLE "django_admin_log" ADD CONSTRAINT "django_admin_log_user_id_c564eba6_fk_users_user_id" FOREIGN KEY ("user_id") REFERENCES "users_user" ("id") DEFERRABLE INITIALLY DEFERRED; args=None; alias=default
DEBUG 2024-11-06 14:55:51,910 schema CREATE INDEX "django_admin_log_content_type_id_c4bce8eb" ON "django_admin_log" ("content_type_id"); (params None)
DEBUG 2024-11-06 14:55:51,913 utils (0.002) CREATE INDEX "django_admin_log_content_type_id_c4bce8eb" ON "django_admin_log" ("content_type_id"); args=None; alias=default
DEBUG 2024-11-06 14:55:51,913 schema CREATE INDEX "django_admin_log_user_id_c564eba6" ON "django_admin_log" ("user_id"); (params None)
DEBUG 2024-11-06 14:55:51,915 utils (0.002) CREATE INDEX "django_admin_log_user_id_c564eba6" ON "django_admin_log" ("user_id"); args=None; alias=default
DEBUG 2024-11-06 14:55:51,916 utils (0.001) COMMIT; args=None; alias=default
DEBUG 2024-11-06 14:55:51,918 utils (0.001) INSERT INTO "django_migrations" ("app", "name", "applied") VALUES ('admin', '0001_initial', '2024-11-06T13:55:51.917006+00:00'::timestamptz) RETURNING "django_migrations"."id"; args=('admin', '0001_initial', datetime.datetime(2024, 11, 6, 13, 55, 51, 917006, tzinfo=datetime.timezone.utc)); alias=default
DEBUG 2024-11-06 14:55:51,918 utils (0.000) BEGIN; args=None; alias=default
DEBUG 2024-11-06 14:55:51,922 utils (0.000) INSERT INTO "django_migrations" ("app", "name", "applied") VALUES ('admin', '0002_logentry_remove_auto_add', '2024-11-06T13:55:51.921783+00:00'::timestamptz) RETURNING "django_migrations"."id"; args=('admin', '0002_logentry_remove_auto_add', datetime.datetime(2024, 11, 6, 13, 55, 51, 921783, tzinfo=datetime.timezone.utc)); alias=default
DEBUG 2024-11-06 14:55:51,923 utils (0.001) COMMIT; args=None; alias=default
DEBUG 2024-11-06 14:55:51,923 utils (0.000) BEGIN; args=None; alias=default
DEBUG 2024-11-06 14:55:51,927 utils (0.000) INSERT INTO "django_migrations" ("app", "name", "applied") VALUES ('admin', '0003_logentry_add_action_flag_choices', '2024-11-06T13:55:51.926980+00:00'::timestamptz) RETURNING "django_migrations"."id"; args=('admin', '0003_logentry_add_action_flag_choices', datetime.datetime(2024, 11, 6, 13, 55, 51, 926980, tzinfo=datetime.timezone.utc)); alias=default
DEBUG 2024-11-06 14:55:51,928 utils (0.001) COMMIT; args=None; alias=default
DEBUG 2024-11-06 14:55:51,928 utils (0.000) BEGIN; args=None; alias=default
DEBUG 2024-11-06 14:55:51,929 schema CREATE TABLE "django_session" ("session_key" varchar(40) NOT NULL PRIMARY KEY, "session_data" text NOT NULL, "expire_date" timestamp with time zone NOT NULL); (params None)
DEBUG 2024-11-06 14:55:51,934 utils (0.005) CREATE TABLE "django_session" ("session_key" varchar(40) NOT NULL PRIMARY KEY, "session_data" text NOT NULL, "expire_date" timestamp with time zone NOT NULL); args=None; alias=default
DEBUG 2024-11-06 14:55:51,934 schema CREATE INDEX "django_session_session_key_c0390e0f_like" ON "django_session" ("session_key" varchar_pattern_ops); (params None)
DEBUG 2024-11-06 14:55:51,936 utils (0.002) CREATE INDEX "django_session_session_key_c0390e0f_like" ON "django_session" ("session_key" varchar_pattern_ops); args=None; alias=default
DEBUG 2024-11-06 14:55:51,937 schema CREATE INDEX "django_session_expire_date_a5c62663" ON "django_session" ("expire_date"); (params None)
DEBUG 2024-11-06 14:55:51,940 utils (0.003) CREATE INDEX "django_session_expire_date_a5c62663" ON "django_session" ("expire_date"); args=None; alias=default
DEBUG 2024-11-06 14:55:51,940 utils (0.001) COMMIT; args=None; alias=default
DEBUG 2024-11-06 14:55:51,942 utils (0.001) INSERT INTO "django_migrations" ("app", "name", "applied") VALUES ('sessions', '0001_initial', '2024-11-06T13:55:51.940943+00:00'::timestamptz) RETURNING "django_migrations"."id"; args=('sessions', '0001_initial', datetime.datetime(2024, 11, 6, 13, 55, 51, 940943, tzinfo=datetime.timezone.utc)); alias=default
DEBUG 2024-11-06 14:55:51,942 utils (0.000) SELECT "django_migrations"."id", "django_migrations"."app", "django_migrations"."name", "django_migrations"."applied" FROM "django_migrations"; args=(); alias=default
DEBUG 2024-11-06 14:55:51,949 utils (0.001) SELECT "django_content_type"."id", "django_content_type"."app_label", "django_content_type"."model" FROM "django_content_type" WHERE "django_content_type"."app_label" = 'admin'; args=('admin',); alias=default
DEBUG 2024-11-06 14:55:51,949 utils (0.000) BEGIN; args=None; alias=default
DEBUG 2024-11-06 14:55:51,949 utils (0.000) INSERT INTO "django_content_type" ("app_label", "model") VALUES ('admin', 'logentry') RETURNING "django_content_type"."id"; args=('admin', 'logentry'); alias=default
DEBUG 2024-11-06 14:55:51,951 utils (0.001) COMMIT; args=None; alias=default
DEBUG 2024-11-06 14:55:51,951 utils (0.000) SELECT "django_content_type"."id", "django_content_type"."app_label", "django_content_type"."model" FROM "django_content_type" WHERE ("django_content_type"."app_label" = 'admin' AND "django_content_type"."model" IN ('logentry')); args=('admin', 'logentry'); alias=default
DEBUG 2024-11-06 14:55:51,952 utils (0.000) SELECT "auth_permission"."content_type_id", "auth_permission"."codename" FROM "auth_permission" INNER JOIN "django_content_type" ON ("auth_permission"."content_type_id" = "django_content_type"."id") WHERE "auth_permission"."content_type_id" IN (1) ORDER BY "django_content_type"."app_label" ASC, "django_content_type"."model" ASC, "auth_permission"."codename" ASC; args=(1,); alias=default
DEBUG 2024-11-06 14:55:51,953 utils (0.000) BEGIN; args=None; alias=default
DEBUG 2024-11-06 14:55:51,953 utils (0.000) INSERT INTO "auth_permission" ("name", "content_type_id", "codename") VALUES ('Can add log entry', 1, 'add_logentry'), ('Can change log entry', 1, 'change_logentry'), ('Can delete log entry', 1, 'delete_logentry'), ('Can view log entry', 1, 'view_logentry') RETURNING "auth_permission"."id"; args=('Can add log entry', 1, 'add_logentry', 'Can change log entry', 1, 'change_logentry', 'Can delete log entry', 1, 'delete_logentry', 'Can view log entry', 1, 'view_logentry'); alias=default
DEBUG 2024-11-06 14:55:51,955 utils (0.001) COMMIT; args=None; alias=default
DEBUG 2024-11-06 14:55:51,955 utils (0.000) SELECT "django_content_type"."id", "django_content_type"."app_label", "django_content_type"."model" FROM "django_content_type" WHERE "django_content_type"."app_label" = 'admin'; args=('admin',); alias=default
DEBUG 2024-11-06 14:55:51,955 utils (0.000) SELECT "django_content_type"."id", "django_content_type"."app_label", "django_content_type"."model" FROM "django_content_type" WHERE "django_content_type"."app_label" = 'auth'; args=('auth',); alias=default
DEBUG 2024-11-06 14:55:51,955 utils (0.000) BEGIN; args=None; alias=default
DEBUG 2024-11-06 14:55:51,956 utils (0.000) INSERT INTO "django_content_type" ("app_label", "model") VALUES ('auth', 'permission'), ('auth', 'group') RETURNING "django_content_type"."id"; args=('auth', 'permission', 'auth', 'group'); alias=default
DEBUG 2024-11-06 14:55:51,957 utils (0.001) COMMIT; args=None; alias=default
DEBUG 2024-11-06 14:55:51,957 utils (0.000) SELECT "django_content_type"."id", "django_content_type"."app_label", "django_content_type"."model" FROM "django_content_type" WHERE ("django_content_type"."app_label" = 'auth' AND "django_content_type"."model" IN ('group', 'permission')); args=('auth', 'group', 'permission'); alias=default
DEBUG 2024-11-06 14:55:51,958 utils (0.000) SELECT "auth_permission"."content_type_id", "auth_permission"."codename" FROM "auth_permission" INNER JOIN "django_content_type" ON ("auth_permission"."content_type_id" = "django_content_type"."id") WHERE "auth_permission"."content_type_id" IN (2, 3) ORDER BY "django_content_type"."app_label" ASC, "django_content_type"."model" ASC, "auth_permission"."codename" ASC; args=(2, 3); alias=default
DEBUG 2024-11-06 14:55:51,958 utils (0.000) BEGIN; args=None; alias=default
DEBUG 2024-11-06 14:55:51,959 utils (0.000) INSERT INTO "auth_permission" ("name", "content_type_id", "codename") VALUES ('Can add permission', 2, 'add_permission'), ('Can change permission', 2, 'change_permission'), ('Can delete permission', 2, 'delete_permission'), ('Can view permission', 2, 'view_permission'), ('Can add group', 3, 'add_group'), ('Can change group', 3, 'change_group'), ('Can delete group', 3, 'delete_group'), ('Can view group', 3, 'view_group') RETURNING "auth_permission"."id"; args=('Can add permission', 2, 'add_permission', 'Can change permission', 2, 'change_permission', 'Can delete permission', 2, 'delete_permission', 'Can view permission', 2, 'view_permission', 'Can add group', 3, 'add_group', 'Can change group', 3, 'change_group', 'Can delete group', 3, 'delete_group', 'Can view group', 3, 'view_group'); alias=default
DEBUG 2024-11-06 14:55:51,960 utils (0.001) COMMIT; args=None; alias=default
DEBUG 2024-11-06 14:55:51,961 utils (0.000) SELECT "django_content_type"."id", "django_content_type"."app_label", "django_content_type"."model" FROM "django_content_type" WHERE "django_content_type"."app_label" = 'auth'; args=('auth',); alias=default
DEBUG 2024-11-06 14:55:51,961 utils (0.000) SELECT "django_content_type"."id", "django_content_type"."app_label", "django_content_type"."model" FROM "django_content_type" WHERE "django_content_type"."app_label" = 'contenttypes'; args=('contenttypes',); alias=default
DEBUG 2024-11-06 14:55:51,961 utils (0.000) BEGIN; args=None; alias=default
DEBUG 2024-11-06 14:55:51,962 utils (0.000) INSERT INTO "django_content_type" ("app_label", "model") VALUES ('contenttypes', 'contenttype') RETURNING "django_content_type"."id"; args=('contenttypes', 'contenttype'); alias=default
DEBUG 2024-11-06 14:55:51,963 utils (0.001) COMMIT; args=None; alias=default
DEBUG 2024-11-06 14:55:51,963 utils (0.000) SELECT "django_content_type"."id", "django_content_type"."app_label", "django_content_type"."model" FROM "django_content_type" WHERE ("django_content_type"."app_label" = 'contenttypes' AND "django_content_type"."model" IN ('contenttype')); args=('contenttypes', 'contenttype'); alias=default
DEBUG 2024-11-06 14:55:51,964 utils (0.000) SELECT "auth_permission"."content_type_id", "auth_permission"."codename" FROM "auth_permission" INNER JOIN "django_content_type" ON ("auth_permission"."content_type_id" = "django_content_type"."id") WHERE "auth_permission"."content_type_id" IN (4) ORDER BY "django_content_type"."app_label" ASC, "django_content_type"."model" ASC, "auth_permission"."codename" ASC; args=(4,); alias=default
DEBUG 2024-11-06 14:55:51,964 utils (0.000) BEGIN; args=None; alias=default
DEBUG 2024-11-06 14:55:51,965 utils (0.000) INSERT INTO "auth_permission" ("name", "content_type_id", "codename") VALUES ('Can add content type', 4, 'add_contenttype'), ('Can change content type', 4, 'change_contenttype'), ('Can delete content type', 4, 'delete_contenttype'), ('Can view content type', 4, 'view_contenttype') RETURNING "auth_permission"."id"; args=('Can add content type', 4, 'add_contenttype', 'Can change content type', 4, 'change_contenttype', 'Can delete content type', 4, 'delete_contenttype', 'Can view content type', 4, 'view_contenttype'); alias=default
DEBUG 2024-11-06 14:55:51,966 utils (0.001) COMMIT; args=None; alias=default
DEBUG 2024-11-06 14:55:51,966 utils (0.000) SELECT "django_content_type"."id", "django_content_type"."app_label", "django_content_type"."model" FROM "django_content_type" WHERE "django_content_type"."app_label" = 'contenttypes'; args=('contenttypes',); alias=default
DEBUG 2024-11-06 14:55:51,966 utils (0.000) SELECT "django_content_type"."id", "django_content_type"."app_label", "django_content_type"."model" FROM "django_content_type" WHERE "django_content_type"."app_label" = 'sessions'; args=('sessions',); alias=default
DEBUG 2024-11-06 14:55:51,967 utils (0.000) BEGIN; args=None; alias=default
DEBUG 2024-11-06 14:55:51,967 utils (0.000) INSERT INTO "django_content_type" ("app_label", "model") VALUES ('sessions', 'session') RETURNING "django_content_type"."id"; args=('sessions', 'session'); alias=default
DEBUG 2024-11-06 14:55:51,968 utils (0.001) COMMIT; args=None; alias=default
DEBUG 2024-11-06 14:55:51,969 utils (0.000) SELECT "django_content_type"."id", "django_content_type"."app_label", "django_content_type"."model" FROM "django_content_type" WHERE ("django_content_type"."app_label" = 'sessions' AND "django_content_type"."model" IN ('session')); args=('sessions', 'session'); alias=default
DEBUG 2024-11-06 14:55:51,969 utils (0.000) SELECT "auth_permission"."content_type_id", "auth_permission"."codename" FROM "auth_permission" INNER JOIN "django_content_type" ON ("auth_permission"."content_type_id" = "django_content_type"."id") WHERE "auth_permission"."content_type_id" IN (5) ORDER BY "django_content_type"."app_label" ASC, "django_content_type"."model" ASC, "auth_permission"."codename" ASC; args=(5,); alias=default
DEBUG 2024-11-06 14:55:51,970 utils (0.000) BEGIN; args=None; alias=default
DEBUG 2024-11-06 14:55:51,970 utils (0.000) INSERT INTO "auth_permission" ("name", "content_type_id", "codename") VALUES ('Can add session', 5, 'add_session'), ('Can change session', 5, 'change_session'), ('Can delete session', 5, 'delete_session'), ('Can view session', 5, 'view_session') RETURNING "auth_permission"."id"; args=('Can add session', 5, 'add_session', 'Can change session', 5, 'change_session', 'Can delete session', 5, 'delete_session', 'Can view session', 5, 'view_session'); alias=default
DEBUG 2024-11-06 14:55:51,972 utils (0.001) COMMIT; args=None; alias=default
DEBUG 2024-11-06 14:55:51,972 utils (0.000) SELECT "django_content_type"."id", "django_content_type"."app_label", "django_content_type"."model" FROM "django_content_type" WHERE "django_content_type"."app_label" = 'sessions'; args=('sessions',); alias=default
DEBUG 2024-11-06 14:55:51,972 utils (0.000) SELECT "django_content_type"."id", "django_content_type"."app_label", "django_content_type"."model" FROM "django_content_type" WHERE "django_content_type"."app_label" = 'users'; args=('users',); alias=default
DEBUG 2024-11-06 14:55:51,973 utils (0.000) BEGIN; args=None; alias=default
DEBUG 2024-11-06 14:55:51,973 utils (0.000) INSERT INTO "django_content_type" ("app_label", "model") VALUES ('users', 'user') RETURNING "django_content_type"."id"; args=('users', 'user'); alias=default
DEBUG 2024-11-06 14:55:51,974 utils (0.001) COMMIT; args=None; alias=default
DEBUG 2024-11-06 14:55:51,975 utils (0.000) SELECT "django_content_type"."id", "django_content_type"."app_label", "django_content_type"."model" FROM "django_content_type" WHERE ("django_content_type"."app_label" = 'users' AND "django_content_type"."model" IN ('user')); args=('users', 'user'); alias=default
DEBUG 2024-11-06 14:55:51,976 utils (0.000) SELECT "auth_permission"."content_type_id", "auth_permission"."codename" FROM "auth_permission" INNER JOIN "django_content_type" ON ("auth_permission"."content_type_id" = "django_content_type"."id") WHERE "auth_permission"."content_type_id" IN (6) ORDER BY "django_content_type"."app_label" ASC, "django_content_type"."model" ASC, "auth_permission"."codename" ASC; args=(6,); alias=default
DEBUG 2024-11-06 14:55:51,976 utils (0.000) BEGIN; args=None; alias=default
DEBUG 2024-11-06 14:55:51,976 utils (0.000) INSERT INTO "auth_permission" ("name", "content_type_id", "codename") VALUES ('Can add user', 6, 'add_user'), ('Can change user', 6, 'change_user'), ('Can delete user', 6, 'delete_user'), ('Can view user', 6, 'view_user') RETURNING "auth_permission"."id"; args=('Can add user', 6, 'add_user', 'Can change user', 6, 'change_user', 'Can delete user', 6, 'delete_user', 'Can view user', 6, 'view_user'); alias=default
DEBUG 2024-11-06 14:55:51,978 utils (0.001) COMMIT; args=None; alias=default
DEBUG 2024-11-06 14:55:51,978 utils (0.000) SELECT "django_content_type"."id", "django_content_type"."app_label", "django_content_type"."model" FROM "django_content_type" WHERE "django_content_type"."app_label" = 'users'; args=('users',); alias=default
DEBUG 2024-11-06 14:55:56,828 base Exception while resolving variable 'exception_notes' in template 'unknown'.
Traceback (most recent call last):
  File "/usr/local/lib/python3.12/site-packages/django/core/handlers/exception.py", line 55, in inner
    response = get_response(request)
               ^^^^^^^^^^^^^^^^^^^^^
  File "/usr/local/lib/python3.12/site-packages/django/core/handlers/base.py", line 220, in _get_response
    response = response.render()
               ^^^^^^^^^^^^^^^^^
  File "/usr/local/lib/python3.12/site-packages/django/template/response.py", line 114, in render
    self.content = self.rendered_content
                   ^^^^^^^^^^^^^^^^^^^^^
  File "/usr/local/lib/python3.12/site-packages/django/template/response.py", line 92, in rendered_content
    return template.render(context, self._request)
           ^^^^^^^^^^^^^^^^^^^^^^^^^^^^^^^^^^^^^^^
  File "/usr/local/lib/python3.12/site-packages/django/template/backends/django.py", line 107, in render
    return self.template.render(context)
           ^^^^^^^^^^^^^^^^^^^^^^^^^^^^^
  File "/usr/local/lib/python3.12/site-packages/django/template/base.py", line 171, in render
    return self._render(context)
           ^^^^^^^^^^^^^^^^^^^^^
  File "/usr/local/lib/python3.12/site-packages/django/template/base.py", line 163, in _render
    return self.nodelist.render(context)
           ^^^^^^^^^^^^^^^^^^^^^^^^^^^^^
  File "/usr/local/lib/python3.12/site-packages/django/template/base.py", line 1008, in render
    return SafeString("".join([node.render_annotated(context) for node in self]))
                               ^^^^^^^^^^^^^^^^^^^^^^^^^^^^^^
  File "/usr/local/lib/python3.12/site-packages/django/template/base.py", line 969, in render_annotated
    return self.render(context)
           ^^^^^^^^^^^^^^^^^^^^
  File "/usr/local/lib/python3.12/site-packages/django/template/defaulttags.py", line 480, in render
    url = reverse(view_name, args=args, kwargs=kwargs, current_app=current_app)
          ^^^^^^^^^^^^^^^^^^^^^^^^^^^^^^^^^^^^^^^^^^^^^^^^^^^^^^^^^^^^^^^^^^^^^
  File "/usr/local/lib/python3.12/site-packages/django/urls/base.py", line 88, in reverse
    return resolver._reverse_with_prefix(view, prefix, *args, **kwargs)
           ^^^^^^^^^^^^^^^^^^^^^^^^^^^^^^^^^^^^^^^^^^^^^^^^^^^^^^^^^^^^
  File "/usr/local/lib/python3.12/site-packages/django/urls/resolvers.py", line 831, in _reverse_with_prefix
    raise NoReverseMatch(msg)
django.urls.exceptions.NoReverseMatch: Reverse for 'oauth2_login' not found. 'oauth2_login' is not a valid view function or pattern name.

During handling of the above exception, another exception occurred:

Traceback (most recent call last):
  File "/usr/local/lib/python3.12/site-packages/django/template/base.py", line 883, in _resolve_lookup
    current = current[bit]
              ~~~~~~~^^^^^
  File "/usr/local/lib/python3.12/site-packages/django/template/context.py", line 85, in __getitem__
    raise KeyError(key)
KeyError: 'exception_notes'

During handling of the above exception, another exception occurred:

Traceback (most recent call last):
  File "/usr/local/lib/python3.12/site-packages/django/template/base.py", line 889, in _resolve_lookup
    if isinstance(current, BaseContext) and getattr(
                                            ^^^^^^^^
AttributeError: type object 'Context' has no attribute 'exception_notes'

During handling of the above exception, another exception occurred:

Traceback (most recent call last):
  File "/usr/local/lib/python3.12/site-packages/django/template/base.py", line 899, in _resolve_lookup
    current = current[int(bit)]
                      ^^^^^^^^
ValueError: invalid literal for int() with base 10: 'exception_notes'

During handling of the above exception, another exception occurred:

Traceback (most recent call last):
  File "/usr/local/lib/python3.12/site-packages/django/template/base.py", line 906, in _resolve_lookup
    raise VariableDoesNotExist(
django.template.base.VariableDoesNotExist: Failed lookup for key [exception_notes] in [{'True': True, 'False': False, 'None': None}, {'is_email': False, 'unicode_hint': '', 'frames': [{'exc_cause': None, 'exc_cause_explicit': None, 'tb': <traceback object at 0x7fa419d6b900>, 'type': 'django', 'filename': '/usr/local/lib/python3.12/site-packages/django/core/handlers/exception.py', 'function': 'inner', 'lineno': 55, 'vars': [('request', "<WSGIRequest: GET '/login/'>"), ('exc', 'NoReverseMatch("Reverse for \'oauth2_login\' not found. \'oauth2_login\' is not a valid view function or pattern name.")'), ('get_response', '<bound method BaseHandler._get_response of <django.core.handlers.wsgi.WSGIHandler object at 0x7fa41a3ad7c0>>')], 'id': 140342784866560, 'pre_context': ['', '        return inner', '    else:', '', '        @wraps(get_response)', '        def inner(request):', '            try:'], 'context_line': '                response = get_response(request)', 'post_context': ['            except Exception as exc:', '                response = response_for_exception(request, exc)', '            return response', '', '        return inner', ''], 'pre_context_lineno': 48, 'colno': '\n                               ^^^^^^^^^^^^^^^^^^^^^', 'tb_area_colno': '\n               ^^^^^^^^^^^^^^^^^^^^^'}, {'exc_cause': None, 'exc_cause_explicit': None, 'tb': <traceback object at 0x7fa41954c840>, 'type': 'django', 'filename': '/usr/local/lib/python3.12/site-packages/django/core/handlers/base.py', 'function': '_get_response', 'lineno': 220, 'vars': [('self', '<django.core.handlers.wsgi.WSGIHandler object at 0x7fa41a3ad7c0>'), ('request', "<WSGIRequest: GET '/login/'>"), ('response', 'None'), ('callback', '<function View.as_view.<locals>.view at 0x7fa41983cf40>'), ('callback_args', '()'), ('callback_kwargs', '{}'), ('middleware_method', '<bound method CsrfViewMiddleware.process_view of <CsrfViewMiddleware get_response=convert_exception_to_response.<locals>.inner>>'), ('wrapped_callback', '<function View.as_view.<locals>.view at 0x7fa41983cf40>')], 'id': 140342776350784, 'pre_context': ['                self.check_response(', '                    response,', '                    middleware_method,', '                    name="%s.process_template_response"', '                    % (middleware_method.__self__.__class__.__name__,),', '                )', '            try:'], 'context_line': '                response = response.render()', 'post_context': ['            except Exception as e:', '                response = self.process_exception_by_middleware(e, request)', '                if response is None:', '                    raise', '', '        return response'], 'pre_context_lineno': 213, 'colno': '\n                                ^^^^^^^^^^^^^^^^^', 'tb_area_colno': '\n               ^^^^^^^^^^^^^^^^^'}, {'exc_cause': None, 'exc_cause_explicit': None, 'tb': <traceback object at 0x7fa41954c7c0>, 'type': 'django', 'filename': '/usr/local/lib/python3.12/site-packages/django/template/response.py', 'function': 'render', 'lineno': 114, 'vars': [('self', '<TemplateResponse status_code=200, "text/html; charset=utf-8">'), ('retval', '<TemplateResponse status_code=200, "text/html; charset=utf-8">')], 'id': 140342776350656, 'pre_context': ['', '        If the content has already been rendered, this is a no-op.', '', '        Return the baked response instance.', '        """', '        retval = self', '        if not self._is_rendered:'], 'context_line': '            self.content = self.rendered_content', 'post_context': ['            for post_callback in self._post_render_callbacks:', '                newretval = post_callback(retval)', '                if newretval is not None:', '                    retval = newretval', '        return retval', ''], 'pre_context_lineno': 107, 'colno': '\n                                ^^^^^^^^^^^^^^^^^^^^^', 'tb_area_colno': '\n                   ^^^^^^^^^^^^^^^^^^^^^'}, {'exc_cause': None, 'exc_cause_explicit': None, 'tb': <traceback object at 0x7fa41954c700>, 'type': 'django', 'filename': '/usr/local/lib/python3.12/site-packages/django/template/response.py', 'function': 'rendered_content', 'lineno': 92, 'vars': [('self', '<TemplateResponse status_code=200, "text/html; charset=utf-8">'), ('template', '<django.template.backends.django.Template object at 0x7fa419abab40>'), ('context', "{'form': <CustomAuthenticationForm bound=False, valid=False, fields=(username;password)>,\n 'view': <users.views.LoginForm object at 0x7fa419aba810>}")], 'id': 140342776350464, 'pre_context': ['', '        This *does not* set the final content of the response. To set the', '        response content, you must either call render(), or set the', '        content explicitly using the value of this property.', '        """', '        template = self.resolve_template(self.template_name)', '        context = self.resolve_context(self.context_data)'], 'context_line': '        return template.render(context, self._request)', 'post_context': ['', '    def add_post_render_callback(self, callback):', '        """Add a new post-rendering callback.', '', '        If the response has already been rendered,', '        invoke the callback immediately.'], 'pre_context_lineno': 85, 'colno': '\n                   ^^^^^^^^^^^^^^^^^^^^^^^^^^^^^^^^^^^^^^^', 'tb_area_colno': '\n           ^^^^^^^^^^^^^^^^^^^^^^^^^^^^^^^^^^^^^^^'}, {'exc_cause': None, 'exc_cause_explicit': None, 'tb': <traceback object at 0x7fa41954c780>, 'type': 'django', 'filename': '/usr/local/lib/python3.12/site-packages/django/template/backends/django.py', 'function': 'render', 'lineno': 107, 'vars': [('self', '<django.template.backends.django.Template object at 0x7fa419abab40>'), ('context', "[{'True': True, 'False': False, 'None': None}, {}, {}, {'form': <CustomAuthenticationForm bound=False, valid=False, fields=(username;password)>, 'view': <users.views.LoginForm object at 0x7fa419aba810>}]"), ('request', "<WSGIRequest: GET '/login/'>")], 'id': 140342776350592, 'pre_context': ['        return self.template.origin', '', '    def render(self, context=None, request=None):', '        context = make_context(', '            context, request, autoescape=self.backend.engine.autoescape', '        )', '        try:'], 'context_line': '            return self.template.render(context)', 'post_context': ['        except TemplateDoesNotExist as exc:', '            reraise(exc, self.backend)', '', '', 'def copy_exception(exc, backend=None):', '    """'], 'pre_context_lineno': 100, 'colno': '\n                        ^^^^^^^^^^^^^^^^^^^^^^^^^^^^^', 'tb_area_colno': '\n           ^^^^^^^^^^^^^^^^^^^^^^^^^^^^^'}, {'exc_cause': None, 'exc_cause_explicit': None, 'tb': <traceback object at 0x7fa41954e200>, 'type': 'django', 'filename': '/usr/local/lib/python3.12/site-packages/django/template/base.py', 'function': 'render', 'lineno': 171, 'vars': [('self', '<Template template_string="{% load static %}<!...">'), ('context', "[{'True': True, 'False': False, 'None': None}, {}, {}, {'form': <CustomAuthenticationForm bound=False, valid=False, fields=(username;password)>, 'view': <users.views.LoginForm object at 0x7fa419aba810>}]")], 'id': 140342776357376, 'pre_context': ['', '    def render(self, context):', '        "Display stage -- can be called many times"', '        with context.render_context.push_state(self):', '            if context.template is None:', '                with context.bind_template(self):', '                    context.template_name = self.name'], 'context_line': '                    return self._render(context)', 'post_context': ['            else:', '                return self._render(context)', '', '    def compile_nodelist(self):', '        """', '        Parse and compile the template source into a nodelist. If debug'], 'pre_context_lineno': 164, 'colno': '\n                                ^^^^^^^^^^^^^^^^^^^^^', 'tb_area_colno': '\n           ^^^^^^^^^^^^^^^^^^^^^'}, {'exc_cause': None, 'exc_cause_explicit': None, 'tb': <traceback object at 0x7fa41954c8c0>, 'type': 'django', 'filename': '/usr/local/lib/python3.12/site-packages/django/template/base.py', 'function': '_render', 'lineno': 163, 'vars': [('self', '<Template template_string="{% load static %}<!...">'), ('context', "[{'True': True, 'False': False, 'None': None}, {}, {}, {'form': <CustomAuthenticationForm bound=False, valid=False, fields=(username;password)>, 'view': <users.views.LoginForm object at 0x7fa419aba810>}]")], 'id': 140342776350912, 'pre_context': ['    def __repr__(self):', '        return \'<%s template_string="%s...">\' % (', '            self.__class__.__qualname__,', '            self.source[:20].replace("\\n", ""),', '        )', '', '    def _render(self, context):'], 'context_line': '        return self.nodelist.render(context)', 'post_context': ['', '    def render(self, context):', '        "Display stage -- can be called many times"', '        with context.render_context.push_state(self):', '            if context.template is None:', '                with context.bind_template(self):'], 'pre_context_lineno': 156, 'colno': '\n                    ^^^^^^^^^^^^^^^^^^^^^^^^^^^^^', 'tb_area_colno': '\n           ^^^^^^^^^^^^^^^^^^^^^^^^^^^^^'}, {'exc_cause': None, 'exc_cause_explicit': None, 'tb': <traceback object at 0x7fa41954d7c0>, 'type': 'django', 'filename': '/usr/local/lib/python3.12/site-packages/django/template/base.py', 'function': 'render', 'lineno': 1008, 'vars': [('self', '[<django.template.defaulttags.LoadNode object at 0x7fa4197c8ad0>,\n <TextNode: \'\\n<!DOCTYPE html>\\n<html da\'>,\n StaticNode(varname=None, path=<FilterExpression "\'users/styles/bootstrap.min.css\'">),\n <TextNode: \'">\\n    <link rel="stylesh\'>,\n StaticNode(varname=None, path=<FilterExpression "\'users/styles/login-form---Ambrodu-register.css\'">),\n <TextNode: \'">\\n    <link rel="stylesh\'>,\n StaticNode(varname=None, path=<FilterExpression "\'users/styles/login-form---Ambrodu.css\'">),\n <TextNode: \'">\\n</head>\\n\\n<body>\\n    <d\'>,\n StaticNode(varname=None, path=<FilterExpression "\'users/images/Login.png\'">),\n <TextNode: \'"></div>\\n            <for\'>,\n <django.template.defaulttags.CsrfTokenNode object at 0x7fa4197c8e90>,\n <TextNode: \'\\n                \'>,\n <ForNode: for field in form, tail_len: 3>,\n <TextNode: \'\\n                <div cla\'>,\n <URLNode view_name=\'\'oauth2_login\'\' args=[] kwargs={} as=None>,\n <TextNode: \'">\\n                    \'>,\n <django.template.defaulttags.CsrfTokenNode object at 0x7fa4197c9460>,\n <TextNode: \'\\n                    <but\'>,\n StaticNode(varname=None, path=<FilterExpression "\'users/scripts/bootstrap.min.js\'">),\n <TextNode: \'"></script>\\n</body>\\n\\n</ht\'>]'), ('context', "[{'True': True, 'False': False, 'None': None}, {}, {}, {'form': <CustomAuthenticationForm bound=False, valid=False, fields=(username;password)>, 'view': <users.views.LoginForm object at 0x7fa419aba810>}]")], 'id': 140342776354752, 'pre_context': ['', 'class NodeList(list):', '    # Set to True the first time a non-TextNode is inserted by', '    # extend_nodelist().', '    contains_nontext = False', '', '    def render(self, context):'], 'context_line': '        return SafeString("".join([node.render_annotated(context) for node in self]))', 'post_context': ['', '    def get_nodes_by_type(self, nodetype):', '        "Return a list of all nodes of the given type"', '        nodes = []', '        for node in self:', '            nodes.extend(node.get_nodes_by_type(nodetype))'], 'pre_context_lineno': 1001, 'colno': '\n                                         ^^^^^^^^^^^^^^^^^^^^^^^^^^^^^^', 'tb_area_colno': '\n                               ^^^^^^^^^^^^^^^^^^^^^^^^^^^^^^'}, {'exc_cause': None, 'exc_cause_explicit': None, 'tb': <traceback object at 0x7fa41954e1c0>, 'type': 'django', 'filename': '/usr/local/lib/python3.12/site-packages/django/template/base.py', 'function': 'render_annotated', 'lineno': 969, 'vars': [('self', "<URLNode view_name=''oauth2_login'' args=[] kwargs={} as=None>"), ('context', "[{'True': True, 'False': False, 'None': None}, {}, {}, {'form': <CustomAuthenticationForm bound=False, valid=False, fields=(username;password)>, 'view': <users.views.LoginForm object at 0x7fa419aba810>}]")], 'id': 140342776357312, 'pre_context': ['        """', '        Render the node. If debug is True and an exception occurs during', '        rendering, the exception is annotated with contextual line information', '        where it occurred in the template. For internal usage this method is', '        preferred over using the render method directly.', '        """', '        try:'], 'context_line': '            return self.render(context)', 'post_context': ['        except Exception as e:', '            if context.template.engine.debug:', '                # Store the actual node that caused the exception.', '                if not hasattr(e, "_culprit_node"):', '                    e._culprit_node = self', '                if ('], 'pre_context_lineno': 962, 'colno': '\n                        ^^^^^^^^^^^^^^^^^^^^', 'tb_area_colno': '\n           ^^^^^^^^^^^^^^^^^^^^'}, {'exc_cause': None, 'exc_cause_explicit': None, 'tb': <traceback object at 0x7fa41954ea40>, 'type': 'django', 'filename': '/usr/local/lib/python3.12/site-packages/django/template/defaulttags.py', 'function': 'render', 'lineno': 480, 'vars': [('self', "<URLNode view_name=''oauth2_login'' args=[] kwargs={} as=None>"), ('context', "[{'True': True, 'False': False, 'None': None}, {}, {}, {'form': <CustomAuthenticationForm bound=False, valid=False, fields=(username;password)>, 'view': <users.views.LoginForm object at 0x7fa419aba810>}]"), ('NoReverseMatch', "<class 'django.urls.exceptions.NoReverseMatch'>"), ('reverse', '<function reverse at 0x7fa41ad284a0>'), ('args', '[]'), ('kwargs', '{}'), ('view_name', "'oauth2_login'"), ('current_app', "'users'"), ('url', "''")], 'id': 140342776359488, 'pre_context': ['                current_app = context.request.resolver_match.namespace', '            except AttributeError:', '                current_app = None', '        # Try to look up the URL. If it fails, raise NoReverseMatch unless the', '        # {% url ... as var %} construct is used, in which case return nothing.', '        url = ""', '        try:'], 'context_line': '            url = reverse(view_name, args=args, kwargs=kwargs, current_app=current_app)', 'post_context': ['        except NoReverseMatch:', '            if self.asvar is None:', '                raise', '', '        if self.asvar:', '            context[self.asvar] = url'], 'pre_context_lineno': 473, 'colno': '\n                       ^^^^^^^^^^^^^^^^^^^^^^^^^^^^^^^^^^^^^^^^^^^^^^^^^^^^^^^^^^^^^^^^^^^^^', 'tb_area_colno': '\n          ^^^^^^^^^^^^^^^^^^^^^^^^^^^^^^^^^^^^^^^^^^^^^^^^^^^^^^^^^^^^^^^^^^^^^'}, {'exc_cause': None, 'exc_cause_explicit': None, 'tb': <traceback object at 0x7fa41954d640>, 'type': 'django', 'filename': '/usr/local/lib/python3.12/site-packages/django/urls/base.py', 'function': 'reverse', 'lineno': 88, 'vars': [('viewname', "'oauth2_login'"), ('urlconf', "'transcendence.urls'"), ('args', '[]'), ('kwargs', '{}'), ('current_app', "'users'"), ('resolver', "<URLResolver 'transcendence.urls' (None:None) '^/'>"), ('prefix', "'/'"), ('view', "'oauth2_login'"), ('path', '[]'), ('current_path', "['users']"), ('resolved_path', '[]'), ('ns_pattern', "''"), ('ns_converters', '{}')], 'id': 140342776354368, 'pre_context': ['                else:', '                    raise NoReverseMatch("%s is not a registered namespace" % key)', '        if ns_pattern:', '            resolver = get_ns_resolver(', '                ns_pattern, resolver, tuple(ns_converters.items())', '            )', ''], 'context_line': '    return resolver._reverse_with_prefix(view, prefix, *args, **kwargs)', 'post_context': ['', '', 'reverse_lazy = lazy(reverse, str)', '', '', 'def clear_url_caches():'], 'pre_context_lineno': 81, 'colno': '\n               ^^^^^^^^^^^^^^^^^^^^^^^^^^^^^^^^^^^^^^^^^^^^^^^^^^^^^^^^^^^^', 'tb_area_colno': '\n           ^^^^^^^^^^^^^^^^^^^^^^^^^^^^^^^^^^^^^^^^^^^^^^^^^^^^^^^^^^^^'}, {'exc_cause': None, 'exc_cause_explicit': None, 'tb': <traceback object at 0x7fa41954e280>, 'type': 'django', 'filename': '/usr/local/lib/python3.12/site-packages/django/urls/resolvers.py', 'function': '_reverse_with_prefix', 'lineno': 831, 'vars': [('self', "<URLResolver 'transcendence.urls' (None:None) '^/'>"), ('lookup_view', "'oauth2_login'"), ('_prefix', "'/'"), ('args', '()'), ('kwargs', '{}'), ('possibilities', '[]'), ('m', 'None'), ('n', 'None'), ('lookup_view_s', "'oauth2_login'"), ('patterns', '[]'), ('msg', '("Reverse for \'oauth2_login\' not found. \'oauth2_login\' is not a valid view "\n \'function or pattern name.\')')], 'id': 140342776357504, 'pre_context': ['                patterns,', '            )', '        else:', '            msg = (', '                "Reverse for \'%(view)s\' not found. \'%(view)s\' is not "', '                "a valid view function or pattern name." % {"view": lookup_view_s}', '            )'], 'context_line': '        raise NoReverseMatch(msg)', 'post_context': [], 'pre_context_lineno': 824, 'colno': '\n             ^^^^^^^^^^^^^^^^^^^^^^^^^', 'tb_area_colno': '\n    ^^^^^^^^^^^^^^^^^^^^^^^^^'}], 'request': <WSGIRequest: GET '/login/'>, 'request_meta': {'wsgi.errors': <gunicorn.http.wsgi.WSGIErrorsWrapper object at 0x7fa419ab77f0>, 'wsgi.version': (1, 0), 'wsgi.multithread': False, 'wsgi.multiprocess': True, 'wsgi.run_once': False, 'wsgi.file_wrapper': <class 'gunicorn.http.wsgi.FileWrapper'>, 'wsgi.input_terminated': True, 'SERVER_SOFTWARE': 'gunicorn/23.0.0', 'wsgi.input': <gunicorn.http.body.Body object at 0x7fa419db8ad0>, 'gunicorn.socket': <socket.socket fd=10, family=2, type=1, proto=0, laddr=('172.18.0.3', 8000), raddr=('172.18.0.4', 45844)>, 'REQUEST_METHOD': 'GET', 'QUERY_STRING': '', 'RAW_URI': '/login/', 'SERVER_PROTOCOL': 'HTTP/1.1', 'HTTP_CONNECTION': 'upgrade', 'HTTP_HOST': '127.0.0.1', 'HTTP_X_REAL_IP': '172.18.0.1', 'HTTP_X_FORWARDED_FOR': '172.18.0.1', 'HTTP_X_FORWARDED_PROTO': 'http', 'HTTP_SEC_CH_UA': '"Chromium";v="130", "Google Chrome";v="130", "Not?A_Brand";v="99"', 'HTTP_SEC_CH_UA_MOBILE': '?0', 'HTTP_SEC_CH_UA_PLATFORM': '"Linux"', 'HTTP_UPGRADE_INSECURE_REQUESTS': '1', 'HTTP_USER_AGENT': 'Mozilla/5.0 (X11; Linux x86_64) AppleWebKit/537.36 (KHTML, like Gecko) Chrome/130.0.0.0 Safari/537.36', 'HTTP_ACCEPT': 'text/html,application/xhtml+xml,application/xml;q=0.9,image/avif,image/webp,image/apng,*/*;q=0.8,application/signed-exchange;v=b3;q=0.7', 'HTTP_SEC_FETCH_SITE': 'same-origin', 'HTTP_SEC_FETCH_MODE': 'navigate', 'HTTP_SEC_FETCH_USER': '?1', 'HTTP_SEC_FETCH_DEST': 'document', 'HTTP_REFERER': 'http://127.0.0.1:8080/', 'HTTP_ACCEPT_ENCODING': 'gzip, deflate, br, zstd', 'HTTP_ACCEPT_LANGUAGE': 'en-US,en;q=0.9', 'HTTP_COOKIE': '********************', 'wsgi.url_scheme': 'http', 'REMOTE_ADDR': '172.18.0.4', 'REMOTE_PORT': '45844', 'SERVER_NAME': '0.0.0.0', 'SERVER_PORT': '8000', 'PATH_INFO': '/login/', 'SCRIPT_NAME': '', 'CSRF_COOKIE': 'FDgebmkr5SJSz4BHeTDiyjxhu1TkbY3m', 'CSRF_COOKIE_NEEDS_UPDATE': True}, 'request_COOKIES_items': dict_items([('csrftoken', '********************')]), 'user_str': 'AnonymousUser', 'filtered_POST_items': [], 'settings': {'ABSOLUTE_URL_OVERRIDES': {}, 'ADMINS': [], 'ALLOWED_HOSTS': ['*'], 'APPEND_SLASH': True, 'AUTHENTICATION_BACKENDS': ['django.contrib.auth.backends.ModelBackend'], 'AUTH_PASSWORD_VALIDATORS': '********************', 'AUTH_USER_MODEL': 'users.User', 'BASE_DIR': PosixPath('/app'), 'CACHES': {'default': {'BACKEND': 'django.core.cache.backends.locmem.LocMemCache'}}, 'CACHE_MIDDLEWARE_ALIAS': 'default', 'CACHE_MIDDLEWARE_KEY_PREFIX': '********************', 'CACHE_MIDDLEWARE_SECONDS': 600, 'CORS_ALLOW_CREDENTIALS': True, 'CORS_ORIGIN_ALLOW_ALL': True, 'CSRF_COOKIE_AGE': 31449600, 'CSRF_COOKIE_DOMAIN': None, 'CSRF_COOKIE_HTTPONLY': False, 'CSRF_COOKIE_NAME': 'csrftoken', 'CSRF_COOKIE_PATH': '/', 'CSRF_COOKIE_SAMESITE': 'Lax', 'CSRF_COOKIE_SECURE': False, 'CSRF_FAILURE_VIEW': 'django.views.csrf.csrf_failure', 'CSRF_HEADER_NAME': 'HTTP_X_CSRFTOKEN', 'CSRF_TRUSTED_ORIGINS': ['http://127.0.0.1:8080', 'http://localhost:8080'], 'CSRF_USE_SESSIONS': False, 'DATABASES': {'default': {'ENGINE': 'django.db.backends.postgresql', 'NAME': None, 'USER': 'postgres', 'PASSWORD': '********************', 'HOST': 'db', 'PORT': '5432', 'ATOMIC_REQUESTS': False, 'AUTOCOMMIT': True, 'CONN_MAX_AGE': 0, 'CONN_HEALTH_CHECKS': False, 'OPTIONS': {}, 'TIME_ZONE': None, 'TEST': {'CHARSET': None, 'COLLATION': None, 'MIGRATE': True, 'MIRROR': None, 'NAME': None}}}, 'DATABASE_ROUTERS': [], 'DATA_UPLOAD_MAX_MEMORY_SIZE': 2621440, 'DATA_UPLOAD_MAX_NUMBER_FIELDS': 1000, 'DATA_UPLOAD_MAX_NUMBER_FILES': 100, 'DATETIME_FORMAT': 'N j, Y, P', 'DATETIME_INPUT_FORMATS': ['%Y-%m-%d %H:%M:%S', '%Y-%m-%d %H:%M:%S.%f', '%Y-%m-%d %H:%M', '%m/%d/%Y %H:%M:%S', '%m/%d/%Y %H:%M:%S.%f', '%m/%d/%Y %H:%M', '%m/%d/%y %H:%M:%S', '%m/%d/%y %H:%M:%S.%f', '%m/%d/%y %H:%M'], 'DATE_FORMAT': 'N j, Y', 'DATE_INPUT_FORMATS': ['%Y-%m-%d', '%m/%d/%Y', '%m/%d/%y', '%b %d %Y', '%b %d, %Y', '%d %b %Y', '%d %b, %Y', '%B %d %Y', '%B %d, %Y', '%d %B %Y', '%d %B, %Y'], 'DB_HOST': 'db', 'DB_NAME': None, 'DB_PASSWORD': '********************', 'DB_PORT': '5432', 'DB_USER': 'postgres', 'DEBUG': True, 'DEBUG_PROPAGATE_EXCEPTIONS': False, 'DECIMAL_SEPARATOR': '.', 'DEFAULT_AUTO_FIELD': 'django.db.models.BigAutoField', 'DEFAULT_CHARSET': 'utf-8', 'DEFAULT_EXCEPTION_REPORTER': 'django.views.debug.ExceptionReporter', 'DEFAULT_EXCEPTION_REPORTER_FILTER': 'django.views.debug.SafeExceptionReporterFilter', 'DEFAULT_FROM_EMAIL': 'webmaster@localhost', 'DEFAULT_INDEX_TABLESPACE': '', 'DEFAULT_TABLESPACE': '', 'DISALLOWED_USER_AGENTS': [], 'EMAIL_BACKEND': 'django.core.mail.backends.smtp.EmailBackend', 'EMAIL_HOST': 'localhost', 'EMAIL_HOST_PASSWORD': '********************', 'EMAIL_HOST_USER': '', 'EMAIL_PORT': 25, 'EMAIL_SSL_CERTFILE': None, 'EMAIL_SSL_KEYFILE': '********************', 'EMAIL_SUBJECT_PREFIX': '[Django] ', 'EMAIL_TIMEOUT': None, 'EMAIL_USE_LOCALTIME': False, 'EMAIL_USE_SSL': False, 'EMAIL_USE_TLS': False, 'FILE_UPLOAD_DIRECTORY_PERMISSIONS': None, 'FILE_UPLOAD_HANDLERS': ['django.core.files.uploadhandler.MemoryFileUploadHandler', 'django.core.files.uploadhandler.TemporaryFileUploadHandler'], 'FILE_UPLOAD_MAX_MEMORY_SIZE': 2621440, 'FILE_UPLOAD_PERMISSIONS': 420, 'FILE_UPLOAD_TEMP_DIR': None, 'FIRST_DAY_OF_WEEK': 0, 'FIXTURE_DIRS': [], 'FORCE_SCRIPT_NAME': None, 'FORMAT_MODULE_PATH': None, 'FORMS_URLFIELD_ASSUME_HTTPS': False, 'FORM_RENDERER': 'django.forms.renderers.DjangoTemplates', 'IGNORABLE_404_URLS': [], 'INSTALLED_APPS': ['corsheaders', 'django.contrib.admin', 'django.contrib.auth', 'django.contrib.contenttypes', 'django.contrib.sessions', 'django.contrib.messages', 'django.contrib.staticfiles', 'users', 'game'], 'INTERNAL_IPS': [], 'LANGUAGES': [('af', 'Afrikaans'), ('ar', 'Arabic'), ('ar-dz', 'Algerian Arabic'), ('ast', 'Asturian'), ('az', 'Azerbaijani'), ('bg', 'Bulgarian'), ('be', 'Belarusian'), ('bn', 'Bengali'), ('br', 'Breton'), ('bs', 'Bosnian'), ('ca', 'Catalan'), ('ckb', 'Central Kurdish (Sorani)'), ('cs', 'Czech'), ('cy', 'Welsh'), ('da', 'Danish'), ('de', 'German'), ('dsb', 'Lower Sorbian'), ('el', 'Greek'), ('en', 'English'), ('en-au', 'Australian English'), ('en-gb', 'British English'), ('eo', 'Esperanto'), ('es', 'Spanish'), ('es-ar', 'Argentinian Spanish'), ('es-co', 'Colombian Spanish'), ('es-mx', 'Mexican Spanish'), ('es-ni', 'Nicaraguan Spanish'), ('es-ve', 'Venezuelan Spanish'), ('et', 'Estonian'), ('eu', 'Basque'), ('fa', 'Persian'), ('fi', 'Finnish'), ('fr', 'French'), ('fy', 'Frisian'), ('ga', 'Irish'), ('gd', 'Scottish Gaelic'), ('gl', 'Galician'), ('he', 'Hebrew'), ('hi', 'Hindi'), ('hr', 'Croatian'), ('hsb', 'Upper Sorbian'), ('hu', 'Hungarian'), ('hy', 'Armenian'), ('ia', 'Interlingua'), ('id', 'Indonesian'), ('ig', 'Igbo'), ('io', 'Ido'), ('is', 'Icelandic'), ('it', 'Italian'), ('ja', 'Japanese'), ('ka', 'Georgian'), ('kab', 'Kabyle'), ('kk', 'Kazakh'), ('km', 'Khmer'), ('kn', 'Kannada'), ('ko', 'Korean'), ('ky', 'Kyrgyz'), ('lb', 'Luxembourgish'), ('lt', 'Lithuanian'), ('lv', 'Latvian'), ('mk', 'Macedonian'), ('ml', 'Malayalam'), ('mn', 'Mongolian'), ('mr', 'Marathi'), ('ms', 'Malay'), ('my', 'Burmese'), ('nb', 'Norwegian Bokml'), ('ne', 'Nepali'), ('nl', 'Dutch'), ('nn', 'Norwegian Nynorsk'), ('os', 'Ossetic'), ('pa', 'Punjabi'), ('pl', 'Polish'), ('pt', 'Portuguese'), ('pt-br', 'Brazilian Portuguese'), ('ro', 'Romanian'), ('ru', 'Russian'), ('sk', 'Slovak'), ('sl', 'Slovenian'), ('sq', 'Albanian'), ('sr', 'Serbian'), ('sr-latn', 'Serbian Latin'), ('sv', 'Swedish'), ('sw', 'Swahili'), ('ta', 'Tamil'), ('te', 'Telugu'), ('tg', 'Tajik'), ('th', 'Thai'), ('tk', 'Turkmen'), ('tr', 'Turkish'), ('tt', 'Tatar'), ('udm', 'Udmurt'), ('ug', 'Uyghur'), ('uk', 'Ukrainian'), ('ur', 'Urdu'), ('uz', 'Uzbek'), ('vi', 'Vietnamese'), ('zh-hans', 'Simplified Chinese'), ('zh-hant', 'Traditional Chinese')], 'LANGUAGES_BIDI': ['he', 'ar', 'ar-dz', 'ckb', 'fa', 'ug', 'ur'], 'LANGUAGE_CODE': 'en-us', 'LANGUAGE_COOKIE_AGE': None, 'LANGUAGE_COOKIE_DOMAIN': None, 'LANGUAGE_COOKIE_HTTPONLY': False, 'LANGUAGE_COOKIE_NAME': 'django_language', 'LANGUAGE_COOKIE_PATH': '/', 'LANGUAGE_COOKIE_SAMESITE': None, 'LANGUAGE_COOKIE_SECURE': False, 'LOCALE_PATHS': [], 'LOGGING': {'version': 1, 'disable_existing_loggers': False, 'formatters': {'verbose': {'format': '{levelname} {asctime} {module} {message}', 'style': '{'}, 'simple': {'format': '{levelname} {message}', 'style': '{'}}, 'handlers': {'file': {'level': 'DEBUG', 'class': 'logging.FileHandler', 'filename': 'debug.log', 'formatter': 'verbose'}}, 'loggers': {'django': {'handlers': ['file'], 'level': 'DEBUG', 'propagate': True}}}, 'LOGGING_CONFIG': 'logging.config.dictConfig', 'LOGIN_REDIRECT_URL': '/accounts/profile/', 'LOGIN_URL': '/accounts/login/', 'LOGOUT_REDIRECT_URL': None, 'MANAGERS': [], 'MEDIA_ROOT': '', 'MEDIA_URL': '/', 'MESSAGE_STORAGE': 'django.contrib.messages.storage.fallback.FallbackStorage', 'MIDDLEWARE': ['corsheaders.middleware.CorsMiddleware', 'django.middleware.common.CommonMiddleware', 'django.middleware.csrf.CsrfViewMiddleware', 'django.middleware.security.SecurityMiddleware', 'django.middleware.clickjacking.XFrameOptionsMiddleware', 'django.contrib.sessions.middleware.SessionMiddleware', 'django.contrib.auth.middleware.AuthenticationMiddleware', 'django.contrib.messages.middleware.MessageMiddleware', 'django.middleware.clickjacking.XFrameOptionsMiddleware'], 'MIGRATION_MODULES': {}, 'MONTH_DAY_FORMAT': 'F j', 'NUMBER_GROUPING': 0, 'OA_REDIR': 'http://127.0.0.1:8080', 'OA_SECRET': '********************', 'OA_UID': 'u-s4t2ud-54b304c80e5cd42ea6ffbfa9754fe8dfe08e9d942a441abd692fef00ca2ce60f', 'PASSWORD_HASHERS': '********************', 'PASSWORD_RESET_TIMEOUT': '********************', 'PREPEND_WWW': False, 'ROOT_URLCONF': 'transcendence.urls', 'SECRET_KEY': '********************', 'SECRET_KEY_FALLBACKS': '********************', 'SECURE_CONTENT_TYPE_NOSNIFF': True, 'SECURE_CROSS_ORIGIN_OPENER_POLICY': 'same-origin', 'SECURE_HSTS_INCLUDE_SUBDOMAINS': False, 'SECURE_HSTS_PRELOAD': False, 'SECURE_HSTS_SECONDS': 0, 'SECURE_PROXY_SSL_HEADER': None, 'SECURE_REDIRECT_EXEMPT': [], 'SECURE_REFERRER_POLICY': 'same-origin', 'SECURE_SSL_HOST': None, 'SECURE_SSL_REDIRECT': False, 'SERVER_EMAIL': 'root@localhost', 'SESSION_CACHE_ALIAS': 'default', 'SESSION_COOKIE_AGE': 1209600, 'SESSION_COOKIE_DOMAIN': None, 'SESSION_COOKIE_HTTPONLY': True, 'SESSION_COOKIE_NAME': 'sessionid', 'SESSION_COOKIE_PATH': '/', 'SESSION_COOKIE_SAMESITE': 'Lax', 'SESSION_COOKIE_SECURE': False, 'SESSION_ENGINE': 'django.contrib.sessions.backends.db', 'SESSION_EXPIRE_AT_BROWSER_CLOSE': False, 'SESSION_FILE_PATH': None, 'SESSION_SAVE_EVERY_REQUEST': False, 'SESSION_SERIALIZER': 'django.contrib.sessions.serializers.JSONSerializer', 'SETTINGS_MODULE': 'transcendence.settings', 'SHORT_DATETIME_FORMAT': 'm/d/Y P', 'SHORT_DATE_FORMAT': 'm/d/Y', 'SIGNING_BACKEND': 'django.core.signing.TimestampSigner', 'SILENCED_SYSTEM_CHECKS': [], 'STATICFILES_DIRS': [], 'STATICFILES_FINDERS': ['django.contrib.staticfiles.finders.FileSystemFinder', 'django.contrib.staticfiles.finders.AppDirectoriesFinder'], 'STATIC_ROOT': '/app/static/', 'STATIC_URL': '/static/', 'STORAGES': {'default': {'BACKEND': 'django.core.files.storage.FileSystemStorage'}, 'staticfiles': {'BACKEND': 'django.contrib.staticfiles.storage.StaticFilesStorage'}}, 'TEMPLATES': [{'BACKEND': 'django.template.backends.django.DjangoTemplates', 'DIRS': ['transcendence/templates/', '/app/transcendence/templates', '/app/users/templates'], 'APP_DIRS': True, 'OPTIONS': {'context_processors': ['django.template.context_processors.debug', 'django.template.context_processors.request', 'django.contrib.auth.context_processors.auth', 'django.contrib.messages.context_processors.messages']}}], 'TEST_NON_SERIALIZED_APPS': [], 'TEST_RUNNER': 'django.test.runner.DiscoverRunner', 'THOUSAND_SEPARATOR': ',', 'TIME_FORMAT': 'P', 'TIME_INPUT_FORMATS': ['%H:%M:%S', '%H:%M:%S.%f', '%H:%M'], 'TIME_ZONE': 'Europe/Paris', 'USE_I18N': True, 'USE_THOUSAND_SEPARATOR': False, 'USE_TZ': True, 'USE_X_FORWARDED_HOST': False, 'USE_X_FORWARDED_PORT': False, 'WSGI_APPLICATION': 'transcendence.wsgi.application', 'X_FRAME_OPTIONS': 'DENY', 'YEAR_MONTH_FORMAT': 'F Y'}, 'sys_executable': '/usr/local/bin/python', 'sys_version_info': '3.12.5', 'server_time': datetime.datetime(2024, 11, 6, 13, 55, 56, 827951, tzinfo=datetime.timezone.utc), 'django_version_info': '5.1.1', 'sys_path': ['/app', '/usr/local/bin', '/usr/local/lib/python312.zip', '/usr/local/lib/python3.12', '/usr/local/lib/python3.12/lib-dynload', '/usr/local/lib/python3.12/site-packages'], 'template_info': {'message': "Reverse for 'oauth2_login' not found. 'oauth2_login' is not a valid view function or pattern name.", 'source_lines': [(28, '                &lt;div class=&quot;d-flex justify-content-center form-group mb-3&quot;&gt;\n'), (29, '                    &lt;button class=&quot;btn btn-dark&quot; style=&quot;width: 200px;&quot; button=&quot;submit&quot;&gt;Login&lt;/button&gt;\n'), (30, '                &lt;/div&gt;\n'), (31, '            &lt;/form&gt;\n'), (32, '            \n'), (33, '\t\t\t&lt;!-- Alternative Login Methods --&gt;\n'), (34, '            &lt;div class=&quot;d-flex justify-content-center form-group mb-3&quot;&gt;\n'), (35, '                &lt;p&gt;or login with&lt;/p&gt;\n'), (36, '            &lt;/div&gt;\n'), (37, '            &lt;div class=&quot;d-flex justify-content-center form-group mb-3&quot;&gt;\n'), (38, '                &lt;form method=&quot;post&quot; action=&quot;{% url &#x27;oauth2_login&#x27; %}&quot;&gt;\n'), (39, '                    {% csrf_token %}\n'), (40, '                    &lt;button class=&quot;btn btn-primary&quot; style=&quot;width: 200px; margin-bottom: 10px;&quot; type=&quot;submit&quot;&gt;Login with 42&lt;/button&gt;\n'), (41, '                &lt;/form&gt;\n'), (42, '            &lt;/div&gt;\n'), (43, '\n'), (44, '            &lt;!-- &lt;div class=&quot;d-flex justify-content-center form-group mb-3&quot;&gt;&lt;input class=&quot;form-control&quot; type=&quot;password&quot; style=&quot;width: 200px;&quot; placeholder=&quot;Password&quot;&gt;&lt;/div&gt; --&gt;\n'), (45, '            \n'), (46, '            \n'), (47, '        &lt;/div&gt;\n'), (48, '    &lt;/div&gt;\n')], 'before': '                &lt;form method=&quot;post&quot; action=&quot;', 'during': '{% url &#x27;oauth2_login&#x27; %}', 'after': '&quot;&gt;\n', 'top': 28, 'bottom': 49, 'total': 54, 'line': 38, 'name': '/app/users/templates/login.html', 'start': 1937, 'end': 1961}, 'template_does_not_exist': False, 'postmortem': None, 'request_GET_items': <generator object MultiValueDict.items at 0x7fa41958c1e0>, 'request_FILES_items': <generator object MultiValueDict.items at 0x7fa41958c040>, 'request_insecure_uri': 'http://127.0.0.1/login/', 'raising_view_name': 'users.views.LoginForm', 'exception_type': 'NoReverseMatch', 'exception_value': "Reverse for 'oauth2_login' not found. 'oauth2_login' is not a valid view function or pattern name.", 'lastframe': {'exc_cause': None, 'exc_cause_explicit': None, 'tb': <traceback object at 0x7fa41954e280>, 'type': 'django', 'filename': '/usr/local/lib/python3.12/site-packages/django/urls/resolvers.py', 'function': '_reverse_with_prefix', 'lineno': 831, 'vars': [('self', "<URLResolver 'transcendence.urls' (None:None) '^/'>"), ('lookup_view', "'oauth2_login'"), ('_prefix', "'/'"), ('args', '()'), ('kwargs', '{}'), ('possibilities', '[]'), ('m', 'None'), ('n', 'None'), ('lookup_view_s', "'oauth2_login'"), ('patterns', '[]'), ('msg', '("Reverse for \'oauth2_login\' not found. \'oauth2_login\' is not a valid view "\n \'function or pattern name.\')')], 'id': 140342776357504, 'pre_context': ['                patterns,', '            )', '        else:', '            msg = (', '                "Reverse for \'%(view)s\' not found. \'%(view)s\' is not "', '                "a valid view function or pattern name." % {"view": lookup_view_s}', '            )'], 'context_line': '        raise NoReverseMatch(msg)', 'post_context': [], 'pre_context_lineno': 824, 'colno': '\n             ^^^^^^^^^^^^^^^^^^^^^^^^^', 'tb_area_colno': '\n    ^^^^^^^^^^^^^^^^^^^^^^^^^'}}]
DEBUG 2024-11-06 14:55:56,849 base Exception while resolving variable 'exception_notes' in template 'unknown'.
Traceback (most recent call last):
  File "/usr/local/lib/python3.12/site-packages/django/core/handlers/exception.py", line 55, in inner
    response = get_response(request)
               ^^^^^^^^^^^^^^^^^^^^^
  File "/usr/local/lib/python3.12/site-packages/django/core/handlers/base.py", line 220, in _get_response
    response = response.render()
               ^^^^^^^^^^^^^^^^^
  File "/usr/local/lib/python3.12/site-packages/django/template/response.py", line 114, in render
    self.content = self.rendered_content
                   ^^^^^^^^^^^^^^^^^^^^^
  File "/usr/local/lib/python3.12/site-packages/django/template/response.py", line 92, in rendered_content
    return template.render(context, self._request)
           ^^^^^^^^^^^^^^^^^^^^^^^^^^^^^^^^^^^^^^^
  File "/usr/local/lib/python3.12/site-packages/django/template/backends/django.py", line 107, in render
    return self.template.render(context)
           ^^^^^^^^^^^^^^^^^^^^^^^^^^^^^
  File "/usr/local/lib/python3.12/site-packages/django/template/base.py", line 171, in render
    return self._render(context)
           ^^^^^^^^^^^^^^^^^^^^^
  File "/usr/local/lib/python3.12/site-packages/django/template/base.py", line 163, in _render
    return self.nodelist.render(context)
           ^^^^^^^^^^^^^^^^^^^^^^^^^^^^^
  File "/usr/local/lib/python3.12/site-packages/django/template/base.py", line 1008, in render
    return SafeString("".join([node.render_annotated(context) for node in self]))
                               ^^^^^^^^^^^^^^^^^^^^^^^^^^^^^^
  File "/usr/local/lib/python3.12/site-packages/django/template/base.py", line 969, in render_annotated
    return self.render(context)
           ^^^^^^^^^^^^^^^^^^^^
  File "/usr/local/lib/python3.12/site-packages/django/template/defaulttags.py", line 480, in render
    url = reverse(view_name, args=args, kwargs=kwargs, current_app=current_app)
          ^^^^^^^^^^^^^^^^^^^^^^^^^^^^^^^^^^^^^^^^^^^^^^^^^^^^^^^^^^^^^^^^^^^^^
  File "/usr/local/lib/python3.12/site-packages/django/urls/base.py", line 88, in reverse
    return resolver._reverse_with_prefix(view, prefix, *args, **kwargs)
           ^^^^^^^^^^^^^^^^^^^^^^^^^^^^^^^^^^^^^^^^^^^^^^^^^^^^^^^^^^^^
  File "/usr/local/lib/python3.12/site-packages/django/urls/resolvers.py", line 831, in _reverse_with_prefix
    raise NoReverseMatch(msg)
django.urls.exceptions.NoReverseMatch: Reverse for 'oauth2_login' not found. 'oauth2_login' is not a valid view function or pattern name.

During handling of the above exception, another exception occurred:

Traceback (most recent call last):
  File "/usr/local/lib/python3.12/site-packages/django/template/base.py", line 883, in _resolve_lookup
    current = current[bit]
              ~~~~~~~^^^^^
  File "/usr/local/lib/python3.12/site-packages/django/template/context.py", line 85, in __getitem__
    raise KeyError(key)
KeyError: 'exception_notes'

During handling of the above exception, another exception occurred:

Traceback (most recent call last):
  File "/usr/local/lib/python3.12/site-packages/django/template/base.py", line 889, in _resolve_lookup
    if isinstance(current, BaseContext) and getattr(
                                            ^^^^^^^^
AttributeError: type object 'Context' has no attribute 'exception_notes'

During handling of the above exception, another exception occurred:

Traceback (most recent call last):
  File "/usr/local/lib/python3.12/site-packages/django/template/base.py", line 899, in _resolve_lookup
    current = current[int(bit)]
                      ^^^^^^^^
ValueError: invalid literal for int() with base 10: 'exception_notes'

During handling of the above exception, another exception occurred:

Traceback (most recent call last):
  File "/usr/local/lib/python3.12/site-packages/django/template/base.py", line 906, in _resolve_lookup
    raise VariableDoesNotExist(
django.template.base.VariableDoesNotExist: Failed lookup for key [exception_notes] in [{'True': True, 'False': False, 'None': None}, {'is_email': False, 'unicode_hint': '', 'frames': [{'exc_cause': None, 'exc_cause_explicit': None, 'tb': <traceback object at 0x7fa419d6b900>, 'type': 'django', 'filename': '/usr/local/lib/python3.12/site-packages/django/core/handlers/exception.py', 'function': 'inner', 'lineno': 55, 'vars': [('request', "<WSGIRequest: GET '/login/'>"), ('exc', 'NoReverseMatch("Reverse for \'oauth2_login\' not found. \'oauth2_login\' is not a valid view function or pattern name.")'), ('get_response', '<bound method BaseHandler._get_response of <django.core.handlers.wsgi.WSGIHandler object at 0x7fa41a3ad7c0>>')], 'id': 140342784866560, 'pre_context': ['', '        return inner', '    else:', '', '        @wraps(get_response)', '        def inner(request):', '            try:'], 'context_line': '                response = get_response(request)', 'post_context': ['            except Exception as exc:', '                response = response_for_exception(request, exc)', '            return response', '', '        return inner', ''], 'pre_context_lineno': 48, 'colno': '\n                               ^^^^^^^^^^^^^^^^^^^^^', 'tb_area_colno': '\n               ^^^^^^^^^^^^^^^^^^^^^'}, {'exc_cause': None, 'exc_cause_explicit': None, 'tb': <traceback object at 0x7fa41954c840>, 'type': 'django', 'filename': '/usr/local/lib/python3.12/site-packages/django/core/handlers/base.py', 'function': '_get_response', 'lineno': 220, 'vars': [('self', '<django.core.handlers.wsgi.WSGIHandler object at 0x7fa41a3ad7c0>'), ('request', "<WSGIRequest: GET '/login/'>"), ('response', 'None'), ('callback', '<function View.as_view.<locals>.view at 0x7fa41983cf40>'), ('callback_args', '()'), ('callback_kwargs', '{}'), ('middleware_method', '<bound method CsrfViewMiddleware.process_view of <CsrfViewMiddleware get_response=convert_exception_to_response.<locals>.inner>>'), ('wrapped_callback', '<function View.as_view.<locals>.view at 0x7fa41983cf40>')], 'id': 140342776350784, 'pre_context': ['                self.check_response(', '                    response,', '                    middleware_method,', '                    name="%s.process_template_response"', '                    % (middleware_method.__self__.__class__.__name__,),', '                )', '            try:'], 'context_line': '                response = response.render()', 'post_context': ['            except Exception as e:', '                response = self.process_exception_by_middleware(e, request)', '                if response is None:', '                    raise', '', '        return response'], 'pre_context_lineno': 213, 'colno': '\n                                ^^^^^^^^^^^^^^^^^', 'tb_area_colno': '\n               ^^^^^^^^^^^^^^^^^'}, {'exc_cause': None, 'exc_cause_explicit': None, 'tb': <traceback object at 0x7fa41954c7c0>, 'type': 'django', 'filename': '/usr/local/lib/python3.12/site-packages/django/template/response.py', 'function': 'render', 'lineno': 114, 'vars': [('self', '<TemplateResponse status_code=200, "text/html; charset=utf-8">'), ('retval', '<TemplateResponse status_code=200, "text/html; charset=utf-8">')], 'id': 140342776350656, 'pre_context': ['', '        If the content has already been rendered, this is a no-op.', '', '        Return the baked response instance.', '        """', '        retval = self', '        if not self._is_rendered:'], 'context_line': '            self.content = self.rendered_content', 'post_context': ['            for post_callback in self._post_render_callbacks:', '                newretval = post_callback(retval)', '                if newretval is not None:', '                    retval = newretval', '        return retval', ''], 'pre_context_lineno': 107, 'colno': '\n                                ^^^^^^^^^^^^^^^^^^^^^', 'tb_area_colno': '\n                   ^^^^^^^^^^^^^^^^^^^^^'}, {'exc_cause': None, 'exc_cause_explicit': None, 'tb': <traceback object at 0x7fa41954c700>, 'type': 'django', 'filename': '/usr/local/lib/python3.12/site-packages/django/template/response.py', 'function': 'rendered_content', 'lineno': 92, 'vars': [('self', '<TemplateResponse status_code=200, "text/html; charset=utf-8">'), ('template', '<django.template.backends.django.Template object at 0x7fa419abab40>'), ('context', "{'form': <CustomAuthenticationForm bound=False, valid=False, fields=(username;password)>,\n 'view': <users.views.LoginForm object at 0x7fa419aba810>}")], 'id': 140342776350464, 'pre_context': ['', '        This *does not* set the final content of the response. To set the', '        response content, you must either call render(), or set the', '        content explicitly using the value of this property.', '        """', '        template = self.resolve_template(self.template_name)', '        context = self.resolve_context(self.context_data)'], 'context_line': '        return template.render(context, self._request)', 'post_context': ['', '    def add_post_render_callback(self, callback):', '        """Add a new post-rendering callback.', '', '        If the response has already been rendered,', '        invoke the callback immediately.'], 'pre_context_lineno': 85, 'colno': '\n                   ^^^^^^^^^^^^^^^^^^^^^^^^^^^^^^^^^^^^^^^', 'tb_area_colno': '\n           ^^^^^^^^^^^^^^^^^^^^^^^^^^^^^^^^^^^^^^^'}, {'exc_cause': None, 'exc_cause_explicit': None, 'tb': <traceback object at 0x7fa41954c780>, 'type': 'django', 'filename': '/usr/local/lib/python3.12/site-packages/django/template/backends/django.py', 'function': 'render', 'lineno': 107, 'vars': [('self', '<django.template.backends.django.Template object at 0x7fa419abab40>'), ('context', "[{'True': True, 'False': False, 'None': None}, {}, {}, {'form': <CustomAuthenticationForm bound=False, valid=False, fields=(username;password)>, 'view': <users.views.LoginForm object at 0x7fa419aba810>}]"), ('request', "<WSGIRequest: GET '/login/'>")], 'id': 140342776350592, 'pre_context': ['        return self.template.origin', '', '    def render(self, context=None, request=None):', '        context = make_context(', '            context, request, autoescape=self.backend.engine.autoescape', '        )', '        try:'], 'context_line': '            return self.template.render(context)', 'post_context': ['        except TemplateDoesNotExist as exc:', '            reraise(exc, self.backend)', '', '', 'def copy_exception(exc, backend=None):', '    """'], 'pre_context_lineno': 100, 'colno': '\n                        ^^^^^^^^^^^^^^^^^^^^^^^^^^^^^', 'tb_area_colno': '\n           ^^^^^^^^^^^^^^^^^^^^^^^^^^^^^'}, {'exc_cause': None, 'exc_cause_explicit': None, 'tb': <traceback object at 0x7fa41954e200>, 'type': 'django', 'filename': '/usr/local/lib/python3.12/site-packages/django/template/base.py', 'function': 'render', 'lineno': 171, 'vars': [('self', '<Template template_string="{% load static %}<!...">'), ('context', "[{'True': True, 'False': False, 'None': None}, {}, {}, {'form': <CustomAuthenticationForm bound=False, valid=False, fields=(username;password)>, 'view': <users.views.LoginForm object at 0x7fa419aba810>}]")], 'id': 140342776357376, 'pre_context': ['', '    def render(self, context):', '        "Display stage -- can be called many times"', '        with context.render_context.push_state(self):', '            if context.template is None:', '                with context.bind_template(self):', '                    context.template_name = self.name'], 'context_line': '                    return self._render(context)', 'post_context': ['            else:', '                return self._render(context)', '', '    def compile_nodelist(self):', '        """', '        Parse and compile the template source into a nodelist. If debug'], 'pre_context_lineno': 164, 'colno': '\n                                ^^^^^^^^^^^^^^^^^^^^^', 'tb_area_colno': '\n           ^^^^^^^^^^^^^^^^^^^^^'}, {'exc_cause': None, 'exc_cause_explicit': None, 'tb': <traceback object at 0x7fa41954c8c0>, 'type': 'django', 'filename': '/usr/local/lib/python3.12/site-packages/django/template/base.py', 'function': '_render', 'lineno': 163, 'vars': [('self', '<Template template_string="{% load static %}<!...">'), ('context', "[{'True': True, 'False': False, 'None': None}, {}, {}, {'form': <CustomAuthenticationForm bound=False, valid=False, fields=(username;password)>, 'view': <users.views.LoginForm object at 0x7fa419aba810>}]")], 'id': 140342776350912, 'pre_context': ['    def __repr__(self):', '        return \'<%s template_string="%s...">\' % (', '            self.__class__.__qualname__,', '            self.source[:20].replace("\\n", ""),', '        )', '', '    def _render(self, context):'], 'context_line': '        return self.nodelist.render(context)', 'post_context': ['', '    def render(self, context):', '        "Display stage -- can be called many times"', '        with context.render_context.push_state(self):', '            if context.template is None:', '                with context.bind_template(self):'], 'pre_context_lineno': 156, 'colno': '\n                    ^^^^^^^^^^^^^^^^^^^^^^^^^^^^^', 'tb_area_colno': '\n           ^^^^^^^^^^^^^^^^^^^^^^^^^^^^^'}, {'exc_cause': None, 'exc_cause_explicit': None, 'tb': <traceback object at 0x7fa41954d7c0>, 'type': 'django', 'filename': '/usr/local/lib/python3.12/site-packages/django/template/base.py', 'function': 'render', 'lineno': 1008, 'vars': [('self', '[<django.template.defaulttags.LoadNode object at 0x7fa4197c8ad0>,\n <TextNode: \'\\n<!DOCTYPE html>\\n<html da\'>,\n StaticNode(varname=None, path=<FilterExpression "\'users/styles/bootstrap.min.css\'">),\n <TextNode: \'">\\n    <link rel="stylesh\'>,\n StaticNode(varname=None, path=<FilterExpression "\'users/styles/login-form---Ambrodu-register.css\'">),\n <TextNode: \'">\\n    <link rel="stylesh\'>,\n StaticNode(varname=None, path=<FilterExpression "\'users/styles/login-form---Ambrodu.css\'">),\n <TextNode: \'">\\n</head>\\n\\n<body>\\n    <d\'>,\n StaticNode(varname=None, path=<FilterExpression "\'users/images/Login.png\'">),\n <TextNode: \'"></div>\\n            <for\'>,\n <django.template.defaulttags.CsrfTokenNode object at 0x7fa4197c8e90>,\n <TextNode: \'\\n                \'>,\n <ForNode: for field in form, tail_len: 3>,\n <TextNode: \'\\n                <div cla\'>,\n <URLNode view_name=\'\'oauth2_login\'\' args=[] kwargs={} as=None>,\n <TextNode: \'">\\n                    \'>,\n <django.template.defaulttags.CsrfTokenNode object at 0x7fa4197c9460>,\n <TextNode: \'\\n                    <but\'>,\n StaticNode(varname=None, path=<FilterExpression "\'users/scripts/bootstrap.min.js\'">),\n <TextNode: \'"></script>\\n</body>\\n\\n</ht\'>]'), ('context', "[{'True': True, 'False': False, 'None': None}, {}, {}, {'form': <CustomAuthenticationForm bound=False, valid=False, fields=(username;password)>, 'view': <users.views.LoginForm object at 0x7fa419aba810>}]")], 'id': 140342776354752, 'pre_context': ['', 'class NodeList(list):', '    # Set to True the first time a non-TextNode is inserted by', '    # extend_nodelist().', '    contains_nontext = False', '', '    def render(self, context):'], 'context_line': '        return SafeString("".join([node.render_annotated(context) for node in self]))', 'post_context': ['', '    def get_nodes_by_type(self, nodetype):', '        "Return a list of all nodes of the given type"', '        nodes = []', '        for node in self:', '            nodes.extend(node.get_nodes_by_type(nodetype))'], 'pre_context_lineno': 1001, 'colno': '\n                                         ^^^^^^^^^^^^^^^^^^^^^^^^^^^^^^', 'tb_area_colno': '\n                               ^^^^^^^^^^^^^^^^^^^^^^^^^^^^^^'}, {'exc_cause': None, 'exc_cause_explicit': None, 'tb': <traceback object at 0x7fa41954e1c0>, 'type': 'django', 'filename': '/usr/local/lib/python3.12/site-packages/django/template/base.py', 'function': 'render_annotated', 'lineno': 969, 'vars': [('self', "<URLNode view_name=''oauth2_login'' args=[] kwargs={} as=None>"), ('context', "[{'True': True, 'False': False, 'None': None}, {}, {}, {'form': <CustomAuthenticationForm bound=False, valid=False, fields=(username;password)>, 'view': <users.views.LoginForm object at 0x7fa419aba810>}]")], 'id': 140342776357312, 'pre_context': ['        """', '        Render the node. If debug is True and an exception occurs during', '        rendering, the exception is annotated with contextual line information', '        where it occurred in the template. For internal usage this method is', '        preferred over using the render method directly.', '        """', '        try:'], 'context_line': '            return self.render(context)', 'post_context': ['        except Exception as e:', '            if context.template.engine.debug:', '                # Store the actual node that caused the exception.', '                if not hasattr(e, "_culprit_node"):', '                    e._culprit_node = self', '                if ('], 'pre_context_lineno': 962, 'colno': '\n                        ^^^^^^^^^^^^^^^^^^^^', 'tb_area_colno': '\n           ^^^^^^^^^^^^^^^^^^^^'}, {'exc_cause': None, 'exc_cause_explicit': None, 'tb': <traceback object at 0x7fa41954ea40>, 'type': 'django', 'filename': '/usr/local/lib/python3.12/site-packages/django/template/defaulttags.py', 'function': 'render', 'lineno': 480, 'vars': [('self', "<URLNode view_name=''oauth2_login'' args=[] kwargs={} as=None>"), ('context', "[{'True': True, 'False': False, 'None': None}, {}, {}, {'form': <CustomAuthenticationForm bound=False, valid=False, fields=(username;password)>, 'view': <users.views.LoginForm object at 0x7fa419aba810>}]"), ('NoReverseMatch', "<class 'django.urls.exceptions.NoReverseMatch'>"), ('reverse', '<function reverse at 0x7fa41ad284a0>'), ('args', '[]'), ('kwargs', '{}'), ('view_name', "'oauth2_login'"), ('current_app', "'users'"), ('url', "''")], 'id': 140342776359488, 'pre_context': ['                current_app = context.request.resolver_match.namespace', '            except AttributeError:', '                current_app = None', '        # Try to look up the URL. If it fails, raise NoReverseMatch unless the', '        # {% url ... as var %} construct is used, in which case return nothing.', '        url = ""', '        try:'], 'context_line': '            url = reverse(view_name, args=args, kwargs=kwargs, current_app=current_app)', 'post_context': ['        except NoReverseMatch:', '            if self.asvar is None:', '                raise', '', '        if self.asvar:', '            context[self.asvar] = url'], 'pre_context_lineno': 473, 'colno': '\n                       ^^^^^^^^^^^^^^^^^^^^^^^^^^^^^^^^^^^^^^^^^^^^^^^^^^^^^^^^^^^^^^^^^^^^^', 'tb_area_colno': '\n          ^^^^^^^^^^^^^^^^^^^^^^^^^^^^^^^^^^^^^^^^^^^^^^^^^^^^^^^^^^^^^^^^^^^^^'}, {'exc_cause': None, 'exc_cause_explicit': None, 'tb': <traceback object at 0x7fa41954d640>, 'type': 'django', 'filename': '/usr/local/lib/python3.12/site-packages/django/urls/base.py', 'function': 'reverse', 'lineno': 88, 'vars': [('viewname', "'oauth2_login'"), ('urlconf', "'transcendence.urls'"), ('args', '[]'), ('kwargs', '{}'), ('current_app', "'users'"), ('resolver', "<URLResolver 'transcendence.urls' (None:None) '^/'>"), ('prefix', "'/'"), ('view', "'oauth2_login'"), ('path', '[]'), ('current_path', "['users']"), ('resolved_path', '[]'), ('ns_pattern', "''"), ('ns_converters', '{}')], 'id': 140342776354368, 'pre_context': ['                else:', '                    raise NoReverseMatch("%s is not a registered namespace" % key)', '        if ns_pattern:', '            resolver = get_ns_resolver(', '                ns_pattern, resolver, tuple(ns_converters.items())', '            )', ''], 'context_line': '    return resolver._reverse_with_prefix(view, prefix, *args, **kwargs)', 'post_context': ['', '', 'reverse_lazy = lazy(reverse, str)', '', '', 'def clear_url_caches():'], 'pre_context_lineno': 81, 'colno': '\n               ^^^^^^^^^^^^^^^^^^^^^^^^^^^^^^^^^^^^^^^^^^^^^^^^^^^^^^^^^^^^', 'tb_area_colno': '\n           ^^^^^^^^^^^^^^^^^^^^^^^^^^^^^^^^^^^^^^^^^^^^^^^^^^^^^^^^^^^^'}, {'exc_cause': None, 'exc_cause_explicit': None, 'tb': <traceback object at 0x7fa41954e280>, 'type': 'django', 'filename': '/usr/local/lib/python3.12/site-packages/django/urls/resolvers.py', 'function': '_reverse_with_prefix', 'lineno': 831, 'vars': [('self', "<URLResolver 'transcendence.urls' (None:None) '^/'>"), ('lookup_view', "'oauth2_login'"), ('_prefix', "'/'"), ('args', '()'), ('kwargs', '{}'), ('possibilities', '[]'), ('m', 'None'), ('n', 'None'), ('lookup_view_s', "'oauth2_login'"), ('patterns', '[]'), ('msg', '("Reverse for \'oauth2_login\' not found. \'oauth2_login\' is not a valid view "\n \'function or pattern name.\')')], 'id': 140342776357504, 'pre_context': ['                patterns,', '            )', '        else:', '            msg = (', '                "Reverse for \'%(view)s\' not found. \'%(view)s\' is not "', '                "a valid view function or pattern name." % {"view": lookup_view_s}', '            )'], 'context_line': '        raise NoReverseMatch(msg)', 'post_context': [], 'pre_context_lineno': 824, 'colno': '\n             ^^^^^^^^^^^^^^^^^^^^^^^^^', 'tb_area_colno': '\n    ^^^^^^^^^^^^^^^^^^^^^^^^^'}], 'request': <WSGIRequest: GET '/login/'>, 'request_meta': {'wsgi.errors': <gunicorn.http.wsgi.WSGIErrorsWrapper object at 0x7fa419ab77f0>, 'wsgi.version': (1, 0), 'wsgi.multithread': False, 'wsgi.multiprocess': True, 'wsgi.run_once': False, 'wsgi.file_wrapper': <class 'gunicorn.http.wsgi.FileWrapper'>, 'wsgi.input_terminated': True, 'SERVER_SOFTWARE': 'gunicorn/23.0.0', 'wsgi.input': <gunicorn.http.body.Body object at 0x7fa419db8ad0>, 'gunicorn.socket': <socket.socket fd=10, family=2, type=1, proto=0, laddr=('172.18.0.3', 8000), raddr=('172.18.0.4', 45844)>, 'REQUEST_METHOD': 'GET', 'QUERY_STRING': '', 'RAW_URI': '/login/', 'SERVER_PROTOCOL': 'HTTP/1.1', 'HTTP_CONNECTION': 'upgrade', 'HTTP_HOST': '127.0.0.1', 'HTTP_X_REAL_IP': '172.18.0.1', 'HTTP_X_FORWARDED_FOR': '172.18.0.1', 'HTTP_X_FORWARDED_PROTO': 'http', 'HTTP_SEC_CH_UA': '"Chromium";v="130", "Google Chrome";v="130", "Not?A_Brand";v="99"', 'HTTP_SEC_CH_UA_MOBILE': '?0', 'HTTP_SEC_CH_UA_PLATFORM': '"Linux"', 'HTTP_UPGRADE_INSECURE_REQUESTS': '1', 'HTTP_USER_AGENT': 'Mozilla/5.0 (X11; Linux x86_64) AppleWebKit/537.36 (KHTML, like Gecko) Chrome/130.0.0.0 Safari/537.36', 'HTTP_ACCEPT': 'text/html,application/xhtml+xml,application/xml;q=0.9,image/avif,image/webp,image/apng,*/*;q=0.8,application/signed-exchange;v=b3;q=0.7', 'HTTP_SEC_FETCH_SITE': 'same-origin', 'HTTP_SEC_FETCH_MODE': 'navigate', 'HTTP_SEC_FETCH_USER': '?1', 'HTTP_SEC_FETCH_DEST': 'document', 'HTTP_REFERER': 'http://127.0.0.1:8080/', 'HTTP_ACCEPT_ENCODING': 'gzip, deflate, br, zstd', 'HTTP_ACCEPT_LANGUAGE': 'en-US,en;q=0.9', 'HTTP_COOKIE': '********************', 'wsgi.url_scheme': 'http', 'REMOTE_ADDR': '172.18.0.4', 'REMOTE_PORT': '45844', 'SERVER_NAME': '0.0.0.0', 'SERVER_PORT': '8000', 'PATH_INFO': '/login/', 'SCRIPT_NAME': '', 'CSRF_COOKIE': 'FDgebmkr5SJSz4BHeTDiyjxhu1TkbY3m', 'CSRF_COOKIE_NEEDS_UPDATE': True}, 'request_COOKIES_items': dict_items([('csrftoken', '********************')]), 'user_str': 'AnonymousUser', 'filtered_POST_items': [], 'settings': {'ABSOLUTE_URL_OVERRIDES': {}, 'ADMINS': [], 'ALLOWED_HOSTS': ['*'], 'APPEND_SLASH': True, 'AUTHENTICATION_BACKENDS': ['django.contrib.auth.backends.ModelBackend'], 'AUTH_PASSWORD_VALIDATORS': '********************', 'AUTH_USER_MODEL': 'users.User', 'BASE_DIR': PosixPath('/app'), 'CACHES': {'default': {'BACKEND': 'django.core.cache.backends.locmem.LocMemCache'}}, 'CACHE_MIDDLEWARE_ALIAS': 'default', 'CACHE_MIDDLEWARE_KEY_PREFIX': '********************', 'CACHE_MIDDLEWARE_SECONDS': 600, 'CORS_ALLOW_CREDENTIALS': True, 'CORS_ORIGIN_ALLOW_ALL': True, 'CSRF_COOKIE_AGE': 31449600, 'CSRF_COOKIE_DOMAIN': None, 'CSRF_COOKIE_HTTPONLY': False, 'CSRF_COOKIE_NAME': 'csrftoken', 'CSRF_COOKIE_PATH': '/', 'CSRF_COOKIE_SAMESITE': 'Lax', 'CSRF_COOKIE_SECURE': False, 'CSRF_FAILURE_VIEW': 'django.views.csrf.csrf_failure', 'CSRF_HEADER_NAME': 'HTTP_X_CSRFTOKEN', 'CSRF_TRUSTED_ORIGINS': ['http://127.0.0.1:8080', 'http://localhost:8080'], 'CSRF_USE_SESSIONS': False, 'DATABASES': {'default': {'ENGINE': 'django.db.backends.postgresql', 'NAME': None, 'USER': 'postgres', 'PASSWORD': '********************', 'HOST': 'db', 'PORT': '5432', 'ATOMIC_REQUESTS': False, 'AUTOCOMMIT': True, 'CONN_MAX_AGE': 0, 'CONN_HEALTH_CHECKS': False, 'OPTIONS': {}, 'TIME_ZONE': None, 'TEST': {'CHARSET': None, 'COLLATION': None, 'MIGRATE': True, 'MIRROR': None, 'NAME': None}}}, 'DATABASE_ROUTERS': [], 'DATA_UPLOAD_MAX_MEMORY_SIZE': 2621440, 'DATA_UPLOAD_MAX_NUMBER_FIELDS': 1000, 'DATA_UPLOAD_MAX_NUMBER_FILES': 100, 'DATETIME_FORMAT': 'N j, Y, P', 'DATETIME_INPUT_FORMATS': ['%Y-%m-%d %H:%M:%S', '%Y-%m-%d %H:%M:%S.%f', '%Y-%m-%d %H:%M', '%m/%d/%Y %H:%M:%S', '%m/%d/%Y %H:%M:%S.%f', '%m/%d/%Y %H:%M', '%m/%d/%y %H:%M:%S', '%m/%d/%y %H:%M:%S.%f', '%m/%d/%y %H:%M'], 'DATE_FORMAT': 'N j, Y', 'DATE_INPUT_FORMATS': ['%Y-%m-%d', '%m/%d/%Y', '%m/%d/%y', '%b %d %Y', '%b %d, %Y', '%d %b %Y', '%d %b, %Y', '%B %d %Y', '%B %d, %Y', '%d %B %Y', '%d %B, %Y'], 'DB_HOST': 'db', 'DB_NAME': None, 'DB_PASSWORD': '********************', 'DB_PORT': '5432', 'DB_USER': 'postgres', 'DEBUG': True, 'DEBUG_PROPAGATE_EXCEPTIONS': False, 'DECIMAL_SEPARATOR': '.', 'DEFAULT_AUTO_FIELD': 'django.db.models.BigAutoField', 'DEFAULT_CHARSET': 'utf-8', 'DEFAULT_EXCEPTION_REPORTER': 'django.views.debug.ExceptionReporter', 'DEFAULT_EXCEPTION_REPORTER_FILTER': 'django.views.debug.SafeExceptionReporterFilter', 'DEFAULT_FROM_EMAIL': 'webmaster@localhost', 'DEFAULT_INDEX_TABLESPACE': '', 'DEFAULT_TABLESPACE': '', 'DISALLOWED_USER_AGENTS': [], 'EMAIL_BACKEND': 'django.core.mail.backends.smtp.EmailBackend', 'EMAIL_HOST': 'localhost', 'EMAIL_HOST_PASSWORD': '********************', 'EMAIL_HOST_USER': '', 'EMAIL_PORT': 25, 'EMAIL_SSL_CERTFILE': None, 'EMAIL_SSL_KEYFILE': '********************', 'EMAIL_SUBJECT_PREFIX': '[Django] ', 'EMAIL_TIMEOUT': None, 'EMAIL_USE_LOCALTIME': False, 'EMAIL_USE_SSL': False, 'EMAIL_USE_TLS': False, 'FILE_UPLOAD_DIRECTORY_PERMISSIONS': None, 'FILE_UPLOAD_HANDLERS': ['django.core.files.uploadhandler.MemoryFileUploadHandler', 'django.core.files.uploadhandler.TemporaryFileUploadHandler'], 'FILE_UPLOAD_MAX_MEMORY_SIZE': 2621440, 'FILE_UPLOAD_PERMISSIONS': 420, 'FILE_UPLOAD_TEMP_DIR': None, 'FIRST_DAY_OF_WEEK': 0, 'FIXTURE_DIRS': [], 'FORCE_SCRIPT_NAME': None, 'FORMAT_MODULE_PATH': None, 'FORMS_URLFIELD_ASSUME_HTTPS': False, 'FORM_RENDERER': 'django.forms.renderers.DjangoTemplates', 'IGNORABLE_404_URLS': [], 'INSTALLED_APPS': ['corsheaders', 'django.contrib.admin', 'django.contrib.auth', 'django.contrib.contenttypes', 'django.contrib.sessions', 'django.contrib.messages', 'django.contrib.staticfiles', 'users', 'game'], 'INTERNAL_IPS': [], 'LANGUAGES': [('af', 'Afrikaans'), ('ar', 'Arabic'), ('ar-dz', 'Algerian Arabic'), ('ast', 'Asturian'), ('az', 'Azerbaijani'), ('bg', 'Bulgarian'), ('be', 'Belarusian'), ('bn', 'Bengali'), ('br', 'Breton'), ('bs', 'Bosnian'), ('ca', 'Catalan'), ('ckb', 'Central Kurdish (Sorani)'), ('cs', 'Czech'), ('cy', 'Welsh'), ('da', 'Danish'), ('de', 'German'), ('dsb', 'Lower Sorbian'), ('el', 'Greek'), ('en', 'English'), ('en-au', 'Australian English'), ('en-gb', 'British English'), ('eo', 'Esperanto'), ('es', 'Spanish'), ('es-ar', 'Argentinian Spanish'), ('es-co', 'Colombian Spanish'), ('es-mx', 'Mexican Spanish'), ('es-ni', 'Nicaraguan Spanish'), ('es-ve', 'Venezuelan Spanish'), ('et', 'Estonian'), ('eu', 'Basque'), ('fa', 'Persian'), ('fi', 'Finnish'), ('fr', 'French'), ('fy', 'Frisian'), ('ga', 'Irish'), ('gd', 'Scottish Gaelic'), ('gl', 'Galician'), ('he', 'Hebrew'), ('hi', 'Hindi'), ('hr', 'Croatian'), ('hsb', 'Upper Sorbian'), ('hu', 'Hungarian'), ('hy', 'Armenian'), ('ia', 'Interlingua'), ('id', 'Indonesian'), ('ig', 'Igbo'), ('io', 'Ido'), ('is', 'Icelandic'), ('it', 'Italian'), ('ja', 'Japanese'), ('ka', 'Georgian'), ('kab', 'Kabyle'), ('kk', 'Kazakh'), ('km', 'Khmer'), ('kn', 'Kannada'), ('ko', 'Korean'), ('ky', 'Kyrgyz'), ('lb', 'Luxembourgish'), ('lt', 'Lithuanian'), ('lv', 'Latvian'), ('mk', 'Macedonian'), ('ml', 'Malayalam'), ('mn', 'Mongolian'), ('mr', 'Marathi'), ('ms', 'Malay'), ('my', 'Burmese'), ('nb', 'Norwegian Bokml'), ('ne', 'Nepali'), ('nl', 'Dutch'), ('nn', 'Norwegian Nynorsk'), ('os', 'Ossetic'), ('pa', 'Punjabi'), ('pl', 'Polish'), ('pt', 'Portuguese'), ('pt-br', 'Brazilian Portuguese'), ('ro', 'Romanian'), ('ru', 'Russian'), ('sk', 'Slovak'), ('sl', 'Slovenian'), ('sq', 'Albanian'), ('sr', 'Serbian'), ('sr-latn', 'Serbian Latin'), ('sv', 'Swedish'), ('sw', 'Swahili'), ('ta', 'Tamil'), ('te', 'Telugu'), ('tg', 'Tajik'), ('th', 'Thai'), ('tk', 'Turkmen'), ('tr', 'Turkish'), ('tt', 'Tatar'), ('udm', 'Udmurt'), ('ug', 'Uyghur'), ('uk', 'Ukrainian'), ('ur', 'Urdu'), ('uz', 'Uzbek'), ('vi', 'Vietnamese'), ('zh-hans', 'Simplified Chinese'), ('zh-hant', 'Traditional Chinese')], 'LANGUAGES_BIDI': ['he', 'ar', 'ar-dz', 'ckb', 'fa', 'ug', 'ur'], 'LANGUAGE_CODE': 'en-us', 'LANGUAGE_COOKIE_AGE': None, 'LANGUAGE_COOKIE_DOMAIN': None, 'LANGUAGE_COOKIE_HTTPONLY': False, 'LANGUAGE_COOKIE_NAME': 'django_language', 'LANGUAGE_COOKIE_PATH': '/', 'LANGUAGE_COOKIE_SAMESITE': None, 'LANGUAGE_COOKIE_SECURE': False, 'LOCALE_PATHS': [], 'LOGGING': {'version': 1, 'disable_existing_loggers': False, 'formatters': {'verbose': {'format': '{levelname} {asctime} {module} {message}', 'style': '{'}, 'simple': {'format': '{levelname} {message}', 'style': '{'}}, 'handlers': {'file': {'level': 'DEBUG', 'class': 'logging.FileHandler', 'filename': 'debug.log', 'formatter': 'verbose'}}, 'loggers': {'django': {'handlers': ['file'], 'level': 'DEBUG', 'propagate': True}}}, 'LOGGING_CONFIG': 'logging.config.dictConfig', 'LOGIN_REDIRECT_URL': '/accounts/profile/', 'LOGIN_URL': '/accounts/login/', 'LOGOUT_REDIRECT_URL': None, 'MANAGERS': [], 'MEDIA_ROOT': '', 'MEDIA_URL': '/', 'MESSAGE_STORAGE': 'django.contrib.messages.storage.fallback.FallbackStorage', 'MIDDLEWARE': ['corsheaders.middleware.CorsMiddleware', 'django.middleware.common.CommonMiddleware', 'django.middleware.csrf.CsrfViewMiddleware', 'django.middleware.security.SecurityMiddleware', 'django.middleware.clickjacking.XFrameOptionsMiddleware', 'django.contrib.sessions.middleware.SessionMiddleware', 'django.contrib.auth.middleware.AuthenticationMiddleware', 'django.contrib.messages.middleware.MessageMiddleware', 'django.middleware.clickjacking.XFrameOptionsMiddleware'], 'MIGRATION_MODULES': {}, 'MONTH_DAY_FORMAT': 'F j', 'NUMBER_GROUPING': 0, 'OA_REDIR': 'http://127.0.0.1:8080', 'OA_SECRET': '********************', 'OA_UID': 'u-s4t2ud-54b304c80e5cd42ea6ffbfa9754fe8dfe08e9d942a441abd692fef00ca2ce60f', 'PASSWORD_HASHERS': '********************', 'PASSWORD_RESET_TIMEOUT': '********************', 'PREPEND_WWW': False, 'ROOT_URLCONF': 'transcendence.urls', 'SECRET_KEY': '********************', 'SECRET_KEY_FALLBACKS': '********************', 'SECURE_CONTENT_TYPE_NOSNIFF': True, 'SECURE_CROSS_ORIGIN_OPENER_POLICY': 'same-origin', 'SECURE_HSTS_INCLUDE_SUBDOMAINS': False, 'SECURE_HSTS_PRELOAD': False, 'SECURE_HSTS_SECONDS': 0, 'SECURE_PROXY_SSL_HEADER': None, 'SECURE_REDIRECT_EXEMPT': [], 'SECURE_REFERRER_POLICY': 'same-origin', 'SECURE_SSL_HOST': None, 'SECURE_SSL_REDIRECT': False, 'SERVER_EMAIL': 'root@localhost', 'SESSION_CACHE_ALIAS': 'default', 'SESSION_COOKIE_AGE': 1209600, 'SESSION_COOKIE_DOMAIN': None, 'SESSION_COOKIE_HTTPONLY': True, 'SESSION_COOKIE_NAME': 'sessionid', 'SESSION_COOKIE_PATH': '/', 'SESSION_COOKIE_SAMESITE': 'Lax', 'SESSION_COOKIE_SECURE': False, 'SESSION_ENGINE': 'django.contrib.sessions.backends.db', 'SESSION_EXPIRE_AT_BROWSER_CLOSE': False, 'SESSION_FILE_PATH': None, 'SESSION_SAVE_EVERY_REQUEST': False, 'SESSION_SERIALIZER': 'django.contrib.sessions.serializers.JSONSerializer', 'SETTINGS_MODULE': 'transcendence.settings', 'SHORT_DATETIME_FORMAT': 'm/d/Y P', 'SHORT_DATE_FORMAT': 'm/d/Y', 'SIGNING_BACKEND': 'django.core.signing.TimestampSigner', 'SILENCED_SYSTEM_CHECKS': [], 'STATICFILES_DIRS': [], 'STATICFILES_FINDERS': ['django.contrib.staticfiles.finders.FileSystemFinder', 'django.contrib.staticfiles.finders.AppDirectoriesFinder'], 'STATIC_ROOT': '/app/static/', 'STATIC_URL': '/static/', 'STORAGES': {'default': {'BACKEND': 'django.core.files.storage.FileSystemStorage'}, 'staticfiles': {'BACKEND': 'django.contrib.staticfiles.storage.StaticFilesStorage'}}, 'TEMPLATES': [{'BACKEND': 'django.template.backends.django.DjangoTemplates', 'DIRS': ['transcendence/templates/', '/app/transcendence/templates', '/app/users/templates'], 'APP_DIRS': True, 'OPTIONS': {'context_processors': ['django.template.context_processors.debug', 'django.template.context_processors.request', 'django.contrib.auth.context_processors.auth', 'django.contrib.messages.context_processors.messages']}}], 'TEST_NON_SERIALIZED_APPS': [], 'TEST_RUNNER': 'django.test.runner.DiscoverRunner', 'THOUSAND_SEPARATOR': ',', 'TIME_FORMAT': 'P', 'TIME_INPUT_FORMATS': ['%H:%M:%S', '%H:%M:%S.%f', '%H:%M'], 'TIME_ZONE': 'Europe/Paris', 'USE_I18N': True, 'USE_THOUSAND_SEPARATOR': False, 'USE_TZ': True, 'USE_X_FORWARDED_HOST': False, 'USE_X_FORWARDED_PORT': False, 'WSGI_APPLICATION': 'transcendence.wsgi.application', 'X_FRAME_OPTIONS': 'DENY', 'YEAR_MONTH_FORMAT': 'F Y'}, 'sys_executable': '/usr/local/bin/python', 'sys_version_info': '3.12.5', 'server_time': datetime.datetime(2024, 11, 6, 13, 55, 56, 827951, tzinfo=datetime.timezone.utc), 'django_version_info': '5.1.1', 'sys_path': ['/app', '/usr/local/bin', '/usr/local/lib/python312.zip', '/usr/local/lib/python3.12', '/usr/local/lib/python3.12/lib-dynload', '/usr/local/lib/python3.12/site-packages'], 'template_info': {'message': "Reverse for 'oauth2_login' not found. 'oauth2_login' is not a valid view function or pattern name.", 'source_lines': [(28, '                &lt;div class=&quot;d-flex justify-content-center form-group mb-3&quot;&gt;\n'), (29, '                    &lt;button class=&quot;btn btn-dark&quot; style=&quot;width: 200px;&quot; button=&quot;submit&quot;&gt;Login&lt;/button&gt;\n'), (30, '                &lt;/div&gt;\n'), (31, '            &lt;/form&gt;\n'), (32, '            \n'), (33, '\t\t\t&lt;!-- Alternative Login Methods --&gt;\n'), (34, '            &lt;div class=&quot;d-flex justify-content-center form-group mb-3&quot;&gt;\n'), (35, '                &lt;p&gt;or login with&lt;/p&gt;\n'), (36, '            &lt;/div&gt;\n'), (37, '            &lt;div class=&quot;d-flex justify-content-center form-group mb-3&quot;&gt;\n'), (38, '                &lt;form method=&quot;post&quot; action=&quot;{% url &#x27;oauth2_login&#x27; %}&quot;&gt;\n'), (39, '                    {% csrf_token %}\n'), (40, '                    &lt;button class=&quot;btn btn-primary&quot; style=&quot;width: 200px; margin-bottom: 10px;&quot; type=&quot;submit&quot;&gt;Login with 42&lt;/button&gt;\n'), (41, '                &lt;/form&gt;\n'), (42, '            &lt;/div&gt;\n'), (43, '\n'), (44, '            &lt;!-- &lt;div class=&quot;d-flex justify-content-center form-group mb-3&quot;&gt;&lt;input class=&quot;form-control&quot; type=&quot;password&quot; style=&quot;width: 200px;&quot; placeholder=&quot;Password&quot;&gt;&lt;/div&gt; --&gt;\n'), (45, '            \n'), (46, '            \n'), (47, '        &lt;/div&gt;\n'), (48, '    &lt;/div&gt;\n')], 'before': '                &lt;form method=&quot;post&quot; action=&quot;', 'during': '{% url &#x27;oauth2_login&#x27; %}', 'after': '&quot;&gt;\n', 'top': 28, 'bottom': 49, 'total': 54, 'line': 38, 'name': '/app/users/templates/login.html', 'start': 1937, 'end': 1961}, 'template_does_not_exist': False, 'postmortem': None, 'request_GET_items': <generator object MultiValueDict.items at 0x7fa41958c1e0>, 'request_FILES_items': <generator object MultiValueDict.items at 0x7fa41958c040>, 'request_insecure_uri': 'http://127.0.0.1/login/', 'raising_view_name': 'users.views.LoginForm', 'exception_type': 'NoReverseMatch', 'exception_value': "Reverse for 'oauth2_login' not found. 'oauth2_login' is not a valid view function or pattern name.", 'lastframe': {'exc_cause': None, 'exc_cause_explicit': None, 'tb': <traceback object at 0x7fa41954e280>, 'type': 'django', 'filename': '/usr/local/lib/python3.12/site-packages/django/urls/resolvers.py', 'function': '_reverse_with_prefix', 'lineno': 831, 'vars': [('self', "<URLResolver 'transcendence.urls' (None:None) '^/'>"), ('lookup_view', "'oauth2_login'"), ('_prefix', "'/'"), ('args', '()'), ('kwargs', '{}'), ('possibilities', '[]'), ('m', 'None'), ('n', 'None'), ('lookup_view_s', "'oauth2_login'"), ('patterns', '[]'), ('msg', '("Reverse for \'oauth2_login\' not found. \'oauth2_login\' is not a valid view "\n \'function or pattern name.\')')], 'id': 140342776357504, 'pre_context': ['                patterns,', '            )', '        else:', '            msg = (', '                "Reverse for \'%(view)s\' not found. \'%(view)s\' is not "', '                "a valid view function or pattern name." % {"view": lookup_view_s}', '            )'], 'context_line': '        raise NoReverseMatch(msg)', 'post_context': [], 'pre_context_lineno': 824, 'colno': '\n             ^^^^^^^^^^^^^^^^^^^^^^^^^', 'tb_area_colno': '\n    ^^^^^^^^^^^^^^^^^^^^^^^^^'}}]
ERROR 2024-11-06 14:55:56,854 log Internal Server Error: /login/
Traceback (most recent call last):
  File "/usr/local/lib/python3.12/site-packages/django/core/handlers/exception.py", line 55, in inner
    response = get_response(request)
               ^^^^^^^^^^^^^^^^^^^^^
  File "/usr/local/lib/python3.12/site-packages/django/core/handlers/base.py", line 220, in _get_response
    response = response.render()
               ^^^^^^^^^^^^^^^^^
  File "/usr/local/lib/python3.12/site-packages/django/template/response.py", line 114, in render
    self.content = self.rendered_content
                   ^^^^^^^^^^^^^^^^^^^^^
  File "/usr/local/lib/python3.12/site-packages/django/template/response.py", line 92, in rendered_content
    return template.render(context, self._request)
           ^^^^^^^^^^^^^^^^^^^^^^^^^^^^^^^^^^^^^^^
  File "/usr/local/lib/python3.12/site-packages/django/template/backends/django.py", line 107, in render
    return self.template.render(context)
           ^^^^^^^^^^^^^^^^^^^^^^^^^^^^^
  File "/usr/local/lib/python3.12/site-packages/django/template/base.py", line 171, in render
    return self._render(context)
           ^^^^^^^^^^^^^^^^^^^^^
  File "/usr/local/lib/python3.12/site-packages/django/template/base.py", line 163, in _render
    return self.nodelist.render(context)
           ^^^^^^^^^^^^^^^^^^^^^^^^^^^^^
  File "/usr/local/lib/python3.12/site-packages/django/template/base.py", line 1008, in render
    return SafeString("".join([node.render_annotated(context) for node in self]))
                               ^^^^^^^^^^^^^^^^^^^^^^^^^^^^^^
  File "/usr/local/lib/python3.12/site-packages/django/template/base.py", line 969, in render_annotated
    return self.render(context)
           ^^^^^^^^^^^^^^^^^^^^
  File "/usr/local/lib/python3.12/site-packages/django/template/defaulttags.py", line 480, in render
    url = reverse(view_name, args=args, kwargs=kwargs, current_app=current_app)
          ^^^^^^^^^^^^^^^^^^^^^^^^^^^^^^^^^^^^^^^^^^^^^^^^^^^^^^^^^^^^^^^^^^^^^
  File "/usr/local/lib/python3.12/site-packages/django/urls/base.py", line 88, in reverse
    return resolver._reverse_with_prefix(view, prefix, *args, **kwargs)
           ^^^^^^^^^^^^^^^^^^^^^^^^^^^^^^^^^^^^^^^^^^^^^^^^^^^^^^^^^^^^
  File "/usr/local/lib/python3.12/site-packages/django/urls/resolvers.py", line 831, in _reverse_with_prefix
    raise NoReverseMatch(msg)
django.urls.exceptions.NoReverseMatch: Reverse for 'oauth2_login' not found. 'oauth2_login' is not a valid view function or pattern name.
DEBUG 2024-11-06 14:59:02,313 utils (0.003) 
            SELECT
                c.relname,
                CASE
                    WHEN c.relispartition THEN 'p'
                    WHEN c.relkind IN ('m', 'v') THEN 'v'
                    ELSE 't'
                END,
                obj_description(c.oid, 'pg_class')
            FROM pg_catalog.pg_class c
            LEFT JOIN pg_catalog.pg_namespace n ON n.oid = c.relnamespace
            WHERE c.relkind IN ('f', 'm', 'p', 'r', 'v')
                AND n.nspname NOT IN ('pg_catalog', 'pg_toast')
                AND pg_catalog.pg_table_is_visible(c.oid)
        ; args=None; alias=default
DEBUG 2024-11-06 14:59:02,313 utils (0.000) BEGIN; args=None; alias=default
DEBUG 2024-11-06 14:59:02,313 utils (0.000) COMMIT; args=None; alias=default
DEBUG 2024-11-06 14:59:02,994 utils (0.003) 
            SELECT
                c.relname,
                CASE
                    WHEN c.relispartition THEN 'p'
                    WHEN c.relkind IN ('m', 'v') THEN 'v'
                    ELSE 't'
                END,
                obj_description(c.oid, 'pg_class')
            FROM pg_catalog.pg_class c
            LEFT JOIN pg_catalog.pg_namespace n ON n.oid = c.relnamespace
            WHERE c.relkind IN ('f', 'm', 'p', 'r', 'v')
                AND n.nspname NOT IN ('pg_catalog', 'pg_toast')
                AND pg_catalog.pg_table_is_visible(c.oid)
        ; args=None; alias=default
DEBUG 2024-11-06 14:59:03,698 utils (0.003) 
            SELECT
                c.relname,
                CASE
                    WHEN c.relispartition THEN 'p'
                    WHEN c.relkind IN ('m', 'v') THEN 'v'
                    ELSE 't'
                END,
                obj_description(c.oid, 'pg_class')
            FROM pg_catalog.pg_class c
            LEFT JOIN pg_catalog.pg_namespace n ON n.oid = c.relnamespace
            WHERE c.relkind IN ('f', 'm', 'p', 'r', 'v')
                AND n.nspname NOT IN ('pg_catalog', 'pg_toast')
                AND pg_catalog.pg_table_is_visible(c.oid)
        ; args=None; alias=default
DEBUG 2024-11-06 14:59:03,700 utils (0.000) 
            SELECT
                c.relname,
                CASE
                    WHEN c.relispartition THEN 'p'
                    WHEN c.relkind IN ('m', 'v') THEN 'v'
                    ELSE 't'
                END,
                obj_description(c.oid, 'pg_class')
            FROM pg_catalog.pg_class c
            LEFT JOIN pg_catalog.pg_namespace n ON n.oid = c.relnamespace
            WHERE c.relkind IN ('f', 'm', 'p', 'r', 'v')
                AND n.nspname NOT IN ('pg_catalog', 'pg_toast')
                AND pg_catalog.pg_table_is_visible(c.oid)
        ; args=None; alias=default
DEBUG 2024-11-06 14:59:03,700 utils (0.000) 
            SELECT
                c.relname,
                CASE
                    WHEN c.relispartition THEN 'p'
                    WHEN c.relkind IN ('m', 'v') THEN 'v'
                    ELSE 't'
                END,
                obj_description(c.oid, 'pg_class')
            FROM pg_catalog.pg_class c
            LEFT JOIN pg_catalog.pg_namespace n ON n.oid = c.relnamespace
            WHERE c.relkind IN ('f', 'm', 'p', 'r', 'v')
                AND n.nspname NOT IN ('pg_catalog', 'pg_toast')
                AND pg_catalog.pg_table_is_visible(c.oid)
        ; args=None; alias=default
DEBUG 2024-11-06 14:59:03,701 utils (0.000) BEGIN; args=None; alias=default
DEBUG 2024-11-06 14:59:03,701 schema CREATE TABLE "django_migrations" ("id" bigint NOT NULL PRIMARY KEY GENERATED BY DEFAULT AS IDENTITY, "app" varchar(255) NOT NULL, "name" varchar(255) NOT NULL, "applied" timestamp with time zone NOT NULL); (params None)
DEBUG 2024-11-06 14:59:03,710 utils (0.009) CREATE TABLE "django_migrations" ("id" bigint NOT NULL PRIMARY KEY GENERATED BY DEFAULT AS IDENTITY, "app" varchar(255) NOT NULL, "name" varchar(255) NOT NULL, "applied" timestamp with time zone NOT NULL); args=None; alias=default
DEBUG 2024-11-06 14:59:03,712 utils (0.002) COMMIT; args=None; alias=default
DEBUG 2024-11-06 14:59:03,713 utils (0.000) BEGIN; args=None; alias=default
DEBUG 2024-11-06 14:59:03,713 schema CREATE TABLE "django_content_type" ("id" integer NOT NULL PRIMARY KEY GENERATED BY DEFAULT AS IDENTITY, "name" varchar(100) NOT NULL, "app_label" varchar(100) NOT NULL, "model" varchar(100) NOT NULL); (params None)
DEBUG 2024-11-06 14:59:03,717 utils (0.004) CREATE TABLE "django_content_type" ("id" integer NOT NULL PRIMARY KEY GENERATED BY DEFAULT AS IDENTITY, "name" varchar(100) NOT NULL, "app_label" varchar(100) NOT NULL, "model" varchar(100) NOT NULL); args=None; alias=default
DEBUG 2024-11-06 14:59:03,719 schema ALTER TABLE "django_content_type" ADD CONSTRAINT "django_content_type_app_label_model_76bd3d3b_uniq" UNIQUE ("app_label", "model"); (params None)
DEBUG 2024-11-06 14:59:03,722 utils (0.003) ALTER TABLE "django_content_type" ADD CONSTRAINT "django_content_type_app_label_model_76bd3d3b_uniq" UNIQUE ("app_label", "model"); args=None; alias=default
DEBUG 2024-11-06 14:59:03,723 utils (0.001) 
            SELECT
                c.relname,
                CASE
                    WHEN c.relispartition THEN 'p'
                    WHEN c.relkind IN ('m', 'v') THEN 'v'
                    ELSE 't'
                END,
                obj_description(c.oid, 'pg_class')
            FROM pg_catalog.pg_class c
            LEFT JOIN pg_catalog.pg_namespace n ON n.oid = c.relnamespace
            WHERE c.relkind IN ('f', 'm', 'p', 'r', 'v')
                AND n.nspname NOT IN ('pg_catalog', 'pg_toast')
                AND pg_catalog.pg_table_is_visible(c.oid)
        ; args=None; alias=default
DEBUG 2024-11-06 14:59:03,723 utils (0.000) INSERT INTO "django_migrations" ("app", "name", "applied") VALUES ('contenttypes', '0001_initial', '2024-11-06T13:59:03.723266+00:00'::timestamptz) RETURNING "django_migrations"."id"; args=('contenttypes', '0001_initial', datetime.datetime(2024, 11, 6, 13, 59, 3, 723266, tzinfo=datetime.timezone.utc)); alias=default
DEBUG 2024-11-06 14:59:03,725 utils (0.001) COMMIT; args=None; alias=default
DEBUG 2024-11-06 14:59:03,725 utils (0.000) BEGIN; args=None; alias=default
DEBUG 2024-11-06 14:59:03,726 schema ALTER TABLE "django_content_type" ALTER COLUMN "name" DROP NOT NULL; (params None)
DEBUG 2024-11-06 14:59:03,727 utils (0.000) ALTER TABLE "django_content_type" ALTER COLUMN "name" DROP NOT NULL; args=None; alias=default
DEBUG 2024-11-06 14:59:03,729 schema ALTER TABLE "django_content_type" DROP COLUMN "name" CASCADE; (params None)
DEBUG 2024-11-06 14:59:03,729 utils (0.000) ALTER TABLE "django_content_type" DROP COLUMN "name" CASCADE; args=None; alias=default
DEBUG 2024-11-06 14:59:03,730 utils (0.000) INSERT INTO "django_migrations" ("app", "name", "applied") VALUES ('contenttypes', '0002_remove_content_type_name', '2024-11-06T13:59:03.729932+00:00'::timestamptz) RETURNING "django_migrations"."id"; args=('contenttypes', '0002_remove_content_type_name', datetime.datetime(2024, 11, 6, 13, 59, 3, 729932, tzinfo=datetime.timezone.utc)); alias=default
DEBUG 2024-11-06 14:59:03,731 utils (0.001) COMMIT; args=None; alias=default
DEBUG 2024-11-06 14:59:03,731 utils (0.000) BEGIN; args=None; alias=default
DEBUG 2024-11-06 14:59:03,733 schema CREATE TABLE "auth_permission" ("id" integer NOT NULL PRIMARY KEY GENERATED BY DEFAULT AS IDENTITY, "name" varchar(50) NOT NULL, "content_type_id" integer NOT NULL, "codename" varchar(100) NOT NULL); (params None)
DEBUG 2024-11-06 14:59:03,737 utils (0.004) CREATE TABLE "auth_permission" ("id" integer NOT NULL PRIMARY KEY GENERATED BY DEFAULT AS IDENTITY, "name" varchar(50) NOT NULL, "content_type_id" integer NOT NULL, "codename" varchar(100) NOT NULL); args=None; alias=default
DEBUG 2024-11-06 14:59:03,739 schema CREATE TABLE "auth_group" ("id" integer NOT NULL PRIMARY KEY GENERATED BY DEFAULT AS IDENTITY, "name" varchar(80) NOT NULL UNIQUE); (params None)
DEBUG 2024-11-06 14:59:03,745 utils (0.005) CREATE TABLE "auth_group" ("id" integer NOT NULL PRIMARY KEY GENERATED BY DEFAULT AS IDENTITY, "name" varchar(80) NOT NULL UNIQUE); args=None; alias=default
DEBUG 2024-11-06 14:59:03,745 schema CREATE TABLE "auth_group_permissions" ("id" bigint NOT NULL PRIMARY KEY GENERATED BY DEFAULT AS IDENTITY, "group_id" integer NOT NULL, "permission_id" integer NOT NULL); (params None)
DEBUG 2024-11-06 14:59:03,749 utils (0.003) CREATE TABLE "auth_group_permissions" ("id" bigint NOT NULL PRIMARY KEY GENERATED BY DEFAULT AS IDENTITY, "group_id" integer NOT NULL, "permission_id" integer NOT NULL); args=None; alias=default
DEBUG 2024-11-06 14:59:03,751 schema ALTER TABLE "auth_permission" ADD CONSTRAINT "auth_permission_content_type_id_codename_01ab375a_uniq" UNIQUE ("content_type_id", "codename"); (params None)
DEBUG 2024-11-06 14:59:03,754 utils (0.003) ALTER TABLE "auth_permission" ADD CONSTRAINT "auth_permission_content_type_id_codename_01ab375a_uniq" UNIQUE ("content_type_id", "codename"); args=None; alias=default
DEBUG 2024-11-06 14:59:03,754 schema ALTER TABLE "auth_permission" ADD CONSTRAINT "auth_permission_content_type_id_2f476e4b_fk_django_co" FOREIGN KEY ("content_type_id") REFERENCES "django_content_type" ("id") DEFERRABLE INITIALLY DEFERRED; (params None)
DEBUG 2024-11-06 14:59:03,756 utils (0.001) ALTER TABLE "auth_permission" ADD CONSTRAINT "auth_permission_content_type_id_2f476e4b_fk_django_co" FOREIGN KEY ("content_type_id") REFERENCES "django_content_type" ("id") DEFERRABLE INITIALLY DEFERRED; args=None; alias=default
DEBUG 2024-11-06 14:59:03,756 schema CREATE INDEX "auth_permission_content_type_id_2f476e4b" ON "auth_permission" ("content_type_id"); (params None)
DEBUG 2024-11-06 14:59:03,759 utils (0.003) CREATE INDEX "auth_permission_content_type_id_2f476e4b" ON "auth_permission" ("content_type_id"); args=None; alias=default
DEBUG 2024-11-06 14:59:03,759 schema CREATE INDEX "auth_group_name_a6ea08ec_like" ON "auth_group" ("name" varchar_pattern_ops); (params None)
DEBUG 2024-11-06 14:59:03,761 utils (0.003) CREATE INDEX "auth_group_name_a6ea08ec_like" ON "auth_group" ("name" varchar_pattern_ops); args=None; alias=default
DEBUG 2024-11-06 14:59:03,761 schema ALTER TABLE "auth_group_permissions" ADD CONSTRAINT "auth_group_permissions_group_id_permission_id_0cd325b0_uniq" UNIQUE ("group_id", "permission_id"); (params None)
DEBUG 2024-11-06 14:59:03,765 utils (0.003) ALTER TABLE "auth_group_permissions" ADD CONSTRAINT "auth_group_permissions_group_id_permission_id_0cd325b0_uniq" UNIQUE ("group_id", "permission_id"); args=None; alias=default
DEBUG 2024-11-06 14:59:03,765 schema ALTER TABLE "auth_group_permissions" ADD CONSTRAINT "auth_group_permissions_group_id_b120cbf9_fk_auth_group_id" FOREIGN KEY ("group_id") REFERENCES "auth_group" ("id") DEFERRABLE INITIALLY DEFERRED; (params None)
DEBUG 2024-11-06 14:59:03,766 utils (0.001) ALTER TABLE "auth_group_permissions" ADD CONSTRAINT "auth_group_permissions_group_id_b120cbf9_fk_auth_group_id" FOREIGN KEY ("group_id") REFERENCES "auth_group" ("id") DEFERRABLE INITIALLY DEFERRED; args=None; alias=default
DEBUG 2024-11-06 14:59:03,766 schema ALTER TABLE "auth_group_permissions" ADD CONSTRAINT "auth_group_permissio_permission_id_84c5c92e_fk_auth_perm" FOREIGN KEY ("permission_id") REFERENCES "auth_permission" ("id") DEFERRABLE INITIALLY DEFERRED; (params None)
DEBUG 2024-11-06 14:59:03,767 utils (0.001) ALTER TABLE "auth_group_permissions" ADD CONSTRAINT "auth_group_permissio_permission_id_84c5c92e_fk_auth_perm" FOREIGN KEY ("permission_id") REFERENCES "auth_permission" ("id") DEFERRABLE INITIALLY DEFERRED; args=None; alias=default
DEBUG 2024-11-06 14:59:03,767 schema CREATE INDEX "auth_group_permissions_group_id_b120cbf9" ON "auth_group_permissions" ("group_id"); (params None)
DEBUG 2024-11-06 14:59:03,770 utils (0.003) CREATE INDEX "auth_group_permissions_group_id_b120cbf9" ON "auth_group_permissions" ("group_id"); args=None; alias=default
DEBUG 2024-11-06 14:59:03,770 schema CREATE INDEX "auth_group_permissions_permission_id_84c5c92e" ON "auth_group_permissions" ("permission_id"); (params None)
DEBUG 2024-11-06 14:59:03,773 utils (0.003) CREATE INDEX "auth_group_permissions_permission_id_84c5c92e" ON "auth_group_permissions" ("permission_id"); args=None; alias=default
DEBUG 2024-11-06 14:59:03,775 utils (0.002) COMMIT; args=None; alias=default
DEBUG 2024-11-06 14:59:03,777 utils (0.001) INSERT INTO "django_migrations" ("app", "name", "applied") VALUES ('auth', '0001_initial', '2024-11-06T13:59:03.775635+00:00'::timestamptz) RETURNING "django_migrations"."id"; args=('auth', '0001_initial', datetime.datetime(2024, 11, 6, 13, 59, 3, 775635, tzinfo=datetime.timezone.utc)); alias=default
DEBUG 2024-11-06 14:59:03,777 utils (0.000) BEGIN; args=None; alias=default
DEBUG 2024-11-06 14:59:03,780 schema ALTER TABLE "auth_permission" ALTER COLUMN "name" TYPE varchar(255); (params None)
DEBUG 2024-11-06 14:59:03,780 utils (0.000) ALTER TABLE "auth_permission" ALTER COLUMN "name" TYPE varchar(255); args=None; alias=default
DEBUG 2024-11-06 14:59:03,781 utils (0.000) INSERT INTO "django_migrations" ("app", "name", "applied") VALUES ('auth', '0002_alter_permission_name_max_length', '2024-11-06T13:59:03.780698+00:00'::timestamptz) RETURNING "django_migrations"."id"; args=('auth', '0002_alter_permission_name_max_length', datetime.datetime(2024, 11, 6, 13, 59, 3, 780698, tzinfo=datetime.timezone.utc)); alias=default
DEBUG 2024-11-06 14:59:03,782 utils (0.001) COMMIT; args=None; alias=default
DEBUG 2024-11-06 14:59:03,782 utils (0.000) BEGIN; args=None; alias=default
DEBUG 2024-11-06 14:59:03,785 utils (0.000) INSERT INTO "django_migrations" ("app", "name", "applied") VALUES ('auth', '0003_alter_user_email_max_length', '2024-11-06T13:59:03.785181+00:00'::timestamptz) RETURNING "django_migrations"."id"; args=('auth', '0003_alter_user_email_max_length', datetime.datetime(2024, 11, 6, 13, 59, 3, 785181, tzinfo=datetime.timezone.utc)); alias=default
DEBUG 2024-11-06 14:59:03,786 utils (0.001) COMMIT; args=None; alias=default
DEBUG 2024-11-06 14:59:03,786 utils (0.000) BEGIN; args=None; alias=default
DEBUG 2024-11-06 14:59:03,790 utils (0.000) INSERT INTO "django_migrations" ("app", "name", "applied") VALUES ('auth', '0004_alter_user_username_opts', '2024-11-06T13:59:03.790060+00:00'::timestamptz) RETURNING "django_migrations"."id"; args=('auth', '0004_alter_user_username_opts', datetime.datetime(2024, 11, 6, 13, 59, 3, 790060, tzinfo=datetime.timezone.utc)); alias=default
DEBUG 2024-11-06 14:59:03,791 utils (0.001) COMMIT; args=None; alias=default
DEBUG 2024-11-06 14:59:03,791 utils (0.000) BEGIN; args=None; alias=default
DEBUG 2024-11-06 14:59:03,794 utils (0.000) INSERT INTO "django_migrations" ("app", "name", "applied") VALUES ('auth', '0005_alter_user_last_login_null', '2024-11-06T13:59:03.794128+00:00'::timestamptz) RETURNING "django_migrations"."id"; args=('auth', '0005_alter_user_last_login_null', datetime.datetime(2024, 11, 6, 13, 59, 3, 794128, tzinfo=datetime.timezone.utc)); alias=default
DEBUG 2024-11-06 14:59:03,795 utils (0.001) COMMIT; args=None; alias=default
DEBUG 2024-11-06 14:59:03,795 utils (0.000) BEGIN; args=None; alias=default
DEBUG 2024-11-06 14:59:03,796 utils (0.000) INSERT INTO "django_migrations" ("app", "name", "applied") VALUES ('auth', '0006_require_contenttypes_0002', '2024-11-06T13:59:03.796270+00:00'::timestamptz) RETURNING "django_migrations"."id"; args=('auth', '0006_require_contenttypes_0002', datetime.datetime(2024, 11, 6, 13, 59, 3, 796270, tzinfo=datetime.timezone.utc)); alias=default
DEBUG 2024-11-06 14:59:03,798 utils (0.001) COMMIT; args=None; alias=default
DEBUG 2024-11-06 14:59:03,798 utils (0.000) BEGIN; args=None; alias=default
DEBUG 2024-11-06 14:59:03,808 utils (0.000) INSERT INTO "django_migrations" ("app", "name", "applied") VALUES ('auth', '0007_alter_validators_add_error_messages', '2024-11-06T13:59:03.808260+00:00'::timestamptz) RETURNING "django_migrations"."id"; args=('auth', '0007_alter_validators_add_error_messages', datetime.datetime(2024, 11, 6, 13, 59, 3, 808260, tzinfo=datetime.timezone.utc)); alias=default
DEBUG 2024-11-06 14:59:03,809 utils (0.001) COMMIT; args=None; alias=default
DEBUG 2024-11-06 14:59:03,810 utils (0.000) BEGIN; args=None; alias=default
DEBUG 2024-11-06 14:59:03,814 utils (0.000) INSERT INTO "django_migrations" ("app", "name", "applied") VALUES ('auth', '0008_alter_user_username_max_length', '2024-11-06T13:59:03.813872+00:00'::timestamptz) RETURNING "django_migrations"."id"; args=('auth', '0008_alter_user_username_max_length', datetime.datetime(2024, 11, 6, 13, 59, 3, 813872, tzinfo=datetime.timezone.utc)); alias=default
DEBUG 2024-11-06 14:59:03,815 utils (0.001) COMMIT; args=None; alias=default
DEBUG 2024-11-06 14:59:03,815 utils (0.000) BEGIN; args=None; alias=default
DEBUG 2024-11-06 14:59:03,818 utils (0.000) INSERT INTO "django_migrations" ("app", "name", "applied") VALUES ('auth', '0009_alter_user_last_name_max_length', '2024-11-06T13:59:03.818089+00:00'::timestamptz) RETURNING "django_migrations"."id"; args=('auth', '0009_alter_user_last_name_max_length', datetime.datetime(2024, 11, 6, 13, 59, 3, 818089, tzinfo=datetime.timezone.utc)); alias=default
DEBUG 2024-11-06 14:59:03,819 utils (0.001) COMMIT; args=None; alias=default
DEBUG 2024-11-06 14:59:03,819 utils (0.000) BEGIN; args=None; alias=default
DEBUG 2024-11-06 14:59:03,821 schema ALTER TABLE "auth_group" ALTER COLUMN "name" TYPE varchar(150); (params None)
DEBUG 2024-11-06 14:59:03,822 utils (0.001) ALTER TABLE "auth_group" ALTER COLUMN "name" TYPE varchar(150); args=None; alias=default
DEBUG 2024-11-06 14:59:03,822 utils (0.000) INSERT INTO "django_migrations" ("app", "name", "applied") VALUES ('auth', '0010_alter_group_name_max_length', '2024-11-06T13:59:03.822451+00:00'::timestamptz) RETURNING "django_migrations"."id"; args=('auth', '0010_alter_group_name_max_length', datetime.datetime(2024, 11, 6, 13, 59, 3, 822451, tzinfo=datetime.timezone.utc)); alias=default
DEBUG 2024-11-06 14:59:03,824 utils (0.001) COMMIT; args=None; alias=default
DEBUG 2024-11-06 14:59:03,824 utils (0.000) BEGIN; args=None; alias=default
DEBUG 2024-11-06 14:59:03,826 utils (0.000) INSERT INTO "django_migrations" ("app", "name", "applied") VALUES ('auth', '0011_update_proxy_permissions', '2024-11-06T13:59:03.826491+00:00'::timestamptz) RETURNING "django_migrations"."id"; args=('auth', '0011_update_proxy_permissions', datetime.datetime(2024, 11, 6, 13, 59, 3, 826491, tzinfo=datetime.timezone.utc)); alias=default
DEBUG 2024-11-06 14:59:03,828 utils (0.001) COMMIT; args=None; alias=default
DEBUG 2024-11-06 14:59:03,828 utils (0.000) BEGIN; args=None; alias=default
DEBUG 2024-11-06 14:59:03,831 utils (0.000) INSERT INTO "django_migrations" ("app", "name", "applied") VALUES ('auth', '0012_alter_user_first_name_max_length', '2024-11-06T13:59:03.830980+00:00'::timestamptz) RETURNING "django_migrations"."id"; args=('auth', '0012_alter_user_first_name_max_length', datetime.datetime(2024, 11, 6, 13, 59, 3, 830980, tzinfo=datetime.timezone.utc)); alias=default
DEBUG 2024-11-06 14:59:03,832 utils (0.001) COMMIT; args=None; alias=default
DEBUG 2024-11-06 14:59:03,832 utils (0.000) BEGIN; args=None; alias=default
DEBUG 2024-11-06 14:59:03,835 schema CREATE TABLE "users_user" ("id" bigint NOT NULL PRIMARY KEY GENERATED BY DEFAULT AS IDENTITY, "password" varchar(128) NOT NULL, "last_login" timestamp with time zone NULL, "is_superuser" boolean NOT NULL, "username" varchar(150) NOT NULL UNIQUE, "first_name" varchar(150) NOT NULL, "last_name" varchar(150) NOT NULL, "email" varchar(254) NOT NULL, "is_staff" boolean NOT NULL, "is_active" boolean NOT NULL, "date_joined" timestamp with time zone NOT NULL); (params None)
DEBUG 2024-11-06 14:59:03,846 utils (0.010) CREATE TABLE "users_user" ("id" bigint NOT NULL PRIMARY KEY GENERATED BY DEFAULT AS IDENTITY, "password" varchar(128) NOT NULL, "last_login" timestamp with time zone NULL, "is_superuser" boolean NOT NULL, "username" varchar(150) NOT NULL UNIQUE, "first_name" varchar(150) NOT NULL, "last_name" varchar(150) NOT NULL, "email" varchar(254) NOT NULL, "is_staff" boolean NOT NULL, "is_active" boolean NOT NULL, "date_joined" timestamp with time zone NOT NULL); args=None; alias=default
DEBUG 2024-11-06 14:59:03,846 schema CREATE TABLE "users_user_groups" ("id" bigint NOT NULL PRIMARY KEY GENERATED BY DEFAULT AS IDENTITY, "user_id" bigint NOT NULL, "group_id" integer NOT NULL); (params None)
DEBUG 2024-11-06 14:59:03,851 utils (0.004) CREATE TABLE "users_user_groups" ("id" bigint NOT NULL PRIMARY KEY GENERATED BY DEFAULT AS IDENTITY, "user_id" bigint NOT NULL, "group_id" integer NOT NULL); args=None; alias=default
DEBUG 2024-11-06 14:59:03,851 schema CREATE TABLE "users_user_user_permissions" ("id" bigint NOT NULL PRIMARY KEY GENERATED BY DEFAULT AS IDENTITY, "user_id" bigint NOT NULL, "permission_id" integer NOT NULL); (params None)
DEBUG 2024-11-06 14:59:03,855 utils (0.004) CREATE TABLE "users_user_user_permissions" ("id" bigint NOT NULL PRIMARY KEY GENERATED BY DEFAULT AS IDENTITY, "user_id" bigint NOT NULL, "permission_id" integer NOT NULL); args=None; alias=default
DEBUG 2024-11-06 14:59:03,855 schema CREATE INDEX "users_user_username_06e46fe6_like" ON "users_user" ("username" varchar_pattern_ops); (params None)
DEBUG 2024-11-06 14:59:03,859 utils (0.003) CREATE INDEX "users_user_username_06e46fe6_like" ON "users_user" ("username" varchar_pattern_ops); args=None; alias=default
DEBUG 2024-11-06 14:59:03,859 schema ALTER TABLE "users_user_groups" ADD CONSTRAINT "users_user_groups_user_id_group_id_b88eab82_uniq" UNIQUE ("user_id", "group_id"); (params None)
DEBUG 2024-11-06 14:59:03,862 utils (0.003) ALTER TABLE "users_user_groups" ADD CONSTRAINT "users_user_groups_user_id_group_id_b88eab82_uniq" UNIQUE ("user_id", "group_id"); args=None; alias=default
DEBUG 2024-11-06 14:59:03,862 schema ALTER TABLE "users_user_groups" ADD CONSTRAINT "users_user_groups_user_id_5f6f5a90_fk_users_user_id" FOREIGN KEY ("user_id") REFERENCES "users_user" ("id") DEFERRABLE INITIALLY DEFERRED; (params None)
DEBUG 2024-11-06 14:59:03,864 utils (0.001) ALTER TABLE "users_user_groups" ADD CONSTRAINT "users_user_groups_user_id_5f6f5a90_fk_users_user_id" FOREIGN KEY ("user_id") REFERENCES "users_user" ("id") DEFERRABLE INITIALLY DEFERRED; args=None; alias=default
DEBUG 2024-11-06 14:59:03,864 schema ALTER TABLE "users_user_groups" ADD CONSTRAINT "users_user_groups_group_id_9afc8d0e_fk_auth_group_id" FOREIGN KEY ("group_id") REFERENCES "auth_group" ("id") DEFERRABLE INITIALLY DEFERRED; (params None)
DEBUG 2024-11-06 14:59:03,865 utils (0.001) ALTER TABLE "users_user_groups" ADD CONSTRAINT "users_user_groups_group_id_9afc8d0e_fk_auth_group_id" FOREIGN KEY ("group_id") REFERENCES "auth_group" ("id") DEFERRABLE INITIALLY DEFERRED; args=None; alias=default
DEBUG 2024-11-06 14:59:03,865 schema CREATE INDEX "users_user_groups_user_id_5f6f5a90" ON "users_user_groups" ("user_id"); (params None)
DEBUG 2024-11-06 14:59:03,869 utils (0.004) CREATE INDEX "users_user_groups_user_id_5f6f5a90" ON "users_user_groups" ("user_id"); args=None; alias=default
DEBUG 2024-11-06 14:59:03,869 schema CREATE INDEX "users_user_groups_group_id_9afc8d0e" ON "users_user_groups" ("group_id"); (params None)
DEBUG 2024-11-06 14:59:03,872 utils (0.003) CREATE INDEX "users_user_groups_group_id_9afc8d0e" ON "users_user_groups" ("group_id"); args=None; alias=default
DEBUG 2024-11-06 14:59:03,872 schema ALTER TABLE "users_user_user_permissions" ADD CONSTRAINT "users_user_user_permissions_user_id_permission_id_43338c45_uniq" UNIQUE ("user_id", "permission_id"); (params None)
DEBUG 2024-11-06 14:59:03,875 utils (0.003) ALTER TABLE "users_user_user_permissions" ADD CONSTRAINT "users_user_user_permissions_user_id_permission_id_43338c45_uniq" UNIQUE ("user_id", "permission_id"); args=None; alias=default
DEBUG 2024-11-06 14:59:03,875 schema ALTER TABLE "users_user_user_permissions" ADD CONSTRAINT "users_user_user_permissions_user_id_20aca447_fk_users_user_id" FOREIGN KEY ("user_id") REFERENCES "users_user" ("id") DEFERRABLE INITIALLY DEFERRED; (params None)
DEBUG 2024-11-06 14:59:03,875 utils (0.000) ALTER TABLE "users_user_user_permissions" ADD CONSTRAINT "users_user_user_permissions_user_id_20aca447_fk_users_user_id" FOREIGN KEY ("user_id") REFERENCES "users_user" ("id") DEFERRABLE INITIALLY DEFERRED; args=None; alias=default
DEBUG 2024-11-06 14:59:03,875 schema ALTER TABLE "users_user_user_permissions" ADD CONSTRAINT "users_user_user_perm_permission_id_0b93982e_fk_auth_perm" FOREIGN KEY ("permission_id") REFERENCES "auth_permission" ("id") DEFERRABLE INITIALLY DEFERRED; (params None)
DEBUG 2024-11-06 14:59:03,876 utils (0.001) ALTER TABLE "users_user_user_permissions" ADD CONSTRAINT "users_user_user_perm_permission_id_0b93982e_fk_auth_perm" FOREIGN KEY ("permission_id") REFERENCES "auth_permission" ("id") DEFERRABLE INITIALLY DEFERRED; args=None; alias=default
DEBUG 2024-11-06 14:59:03,876 schema CREATE INDEX "users_user_user_permissions_user_id_20aca447" ON "users_user_user_permissions" ("user_id"); (params None)
DEBUG 2024-11-06 14:59:03,879 utils (0.003) CREATE INDEX "users_user_user_permissions_user_id_20aca447" ON "users_user_user_permissions" ("user_id"); args=None; alias=default
DEBUG 2024-11-06 14:59:03,879 schema CREATE INDEX "users_user_user_permissions_permission_id_0b93982e" ON "users_user_user_permissions" ("permission_id"); (params None)
DEBUG 2024-11-06 14:59:03,883 utils (0.003) CREATE INDEX "users_user_user_permissions_permission_id_0b93982e" ON "users_user_user_permissions" ("permission_id"); args=None; alias=default
DEBUG 2024-11-06 14:59:03,884 utils (0.001) COMMIT; args=None; alias=default
DEBUG 2024-11-06 14:59:03,885 utils (0.001) INSERT INTO "django_migrations" ("app", "name", "applied") VALUES ('users', '0001_initial', '2024-11-06T13:59:03.884636+00:00'::timestamptz) RETURNING "django_migrations"."id"; args=('users', '0001_initial', datetime.datetime(2024, 11, 6, 13, 59, 3, 884636, tzinfo=datetime.timezone.utc)); alias=default
DEBUG 2024-11-06 14:59:03,886 utils (0.000) BEGIN; args=None; alias=default
DEBUG 2024-11-06 14:59:03,889 schema CREATE TABLE "django_admin_log" ("id" integer NOT NULL PRIMARY KEY GENERATED BY DEFAULT AS IDENTITY, "action_time" timestamp with time zone NOT NULL, "object_id" text NULL, "object_repr" varchar(200) NOT NULL, "action_flag" smallint NOT NULL CHECK ("action_flag" >= 0), "change_message" text NOT NULL, "content_type_id" integer NULL, "user_id" bigint NOT NULL); (params None)
DEBUG 2024-11-06 14:59:03,895 utils (0.006) CREATE TABLE "django_admin_log" ("id" integer NOT NULL PRIMARY KEY GENERATED BY DEFAULT AS IDENTITY, "action_time" timestamp with time zone NOT NULL, "object_id" text NULL, "object_repr" varchar(200) NOT NULL, "action_flag" smallint NOT NULL CHECK ("action_flag" >= 0), "change_message" text NOT NULL, "content_type_id" integer NULL, "user_id" bigint NOT NULL); args=None; alias=default
DEBUG 2024-11-06 14:59:03,895 schema ALTER TABLE "django_admin_log" ADD CONSTRAINT "django_admin_log_content_type_id_c4bce8eb_fk_django_co" FOREIGN KEY ("content_type_id") REFERENCES "django_content_type" ("id") DEFERRABLE INITIALLY DEFERRED; (params None)
DEBUG 2024-11-06 14:59:03,896 utils (0.001) ALTER TABLE "django_admin_log" ADD CONSTRAINT "django_admin_log_content_type_id_c4bce8eb_fk_django_co" FOREIGN KEY ("content_type_id") REFERENCES "django_content_type" ("id") DEFERRABLE INITIALLY DEFERRED; args=None; alias=default
DEBUG 2024-11-06 14:59:03,896 schema ALTER TABLE "django_admin_log" ADD CONSTRAINT "django_admin_log_user_id_c564eba6_fk_users_user_id" FOREIGN KEY ("user_id") REFERENCES "users_user" ("id") DEFERRABLE INITIALLY DEFERRED; (params None)
DEBUG 2024-11-06 14:59:03,896 utils (0.000) ALTER TABLE "django_admin_log" ADD CONSTRAINT "django_admin_log_user_id_c564eba6_fk_users_user_id" FOREIGN KEY ("user_id") REFERENCES "users_user" ("id") DEFERRABLE INITIALLY DEFERRED; args=None; alias=default
DEBUG 2024-11-06 14:59:03,896 schema CREATE INDEX "django_admin_log_content_type_id_c4bce8eb" ON "django_admin_log" ("content_type_id"); (params None)
DEBUG 2024-11-06 14:59:03,900 utils (0.003) CREATE INDEX "django_admin_log_content_type_id_c4bce8eb" ON "django_admin_log" ("content_type_id"); args=None; alias=default
DEBUG 2024-11-06 14:59:03,900 schema CREATE INDEX "django_admin_log_user_id_c564eba6" ON "django_admin_log" ("user_id"); (params None)
DEBUG 2024-11-06 14:59:03,903 utils (0.003) CREATE INDEX "django_admin_log_user_id_c564eba6" ON "django_admin_log" ("user_id"); args=None; alias=default
DEBUG 2024-11-06 14:59:03,904 utils (0.002) COMMIT; args=None; alias=default
DEBUG 2024-11-06 14:59:03,906 utils (0.001) INSERT INTO "django_migrations" ("app", "name", "applied") VALUES ('admin', '0001_initial', '2024-11-06T13:59:03.904854+00:00'::timestamptz) RETURNING "django_migrations"."id"; args=('admin', '0001_initial', datetime.datetime(2024, 11, 6, 13, 59, 3, 904854, tzinfo=datetime.timezone.utc)); alias=default
DEBUG 2024-11-06 14:59:03,906 utils (0.000) BEGIN; args=None; alias=default
DEBUG 2024-11-06 14:59:03,909 utils (0.000) INSERT INTO "django_migrations" ("app", "name", "applied") VALUES ('admin', '0002_logentry_remove_auto_add', '2024-11-06T13:59:03.909485+00:00'::timestamptz) RETURNING "django_migrations"."id"; args=('admin', '0002_logentry_remove_auto_add', datetime.datetime(2024, 11, 6, 13, 59, 3, 909485, tzinfo=datetime.timezone.utc)); alias=default
DEBUG 2024-11-06 14:59:03,911 utils (0.001) COMMIT; args=None; alias=default
DEBUG 2024-11-06 14:59:03,911 utils (0.000) BEGIN; args=None; alias=default
DEBUG 2024-11-06 14:59:03,915 utils (0.000) INSERT INTO "django_migrations" ("app", "name", "applied") VALUES ('admin', '0003_logentry_add_action_flag_choices', '2024-11-06T13:59:03.915253+00:00'::timestamptz) RETURNING "django_migrations"."id"; args=('admin', '0003_logentry_add_action_flag_choices', datetime.datetime(2024, 11, 6, 13, 59, 3, 915253, tzinfo=datetime.timezone.utc)); alias=default
DEBUG 2024-11-06 14:59:03,916 utils (0.001) COMMIT; args=None; alias=default
DEBUG 2024-11-06 14:59:03,917 utils (0.000) BEGIN; args=None; alias=default
DEBUG 2024-11-06 14:59:03,917 schema CREATE TABLE "django_session" ("session_key" varchar(40) NOT NULL PRIMARY KEY, "session_data" text NOT NULL, "expire_date" timestamp with time zone NOT NULL); (params None)
DEBUG 2024-11-06 14:59:03,922 utils (0.005) CREATE TABLE "django_session" ("session_key" varchar(40) NOT NULL PRIMARY KEY, "session_data" text NOT NULL, "expire_date" timestamp with time zone NOT NULL); args=None; alias=default
DEBUG 2024-11-06 14:59:03,922 schema CREATE INDEX "django_session_session_key_c0390e0f_like" ON "django_session" ("session_key" varchar_pattern_ops); (params None)
DEBUG 2024-11-06 14:59:03,925 utils (0.002) CREATE INDEX "django_session_session_key_c0390e0f_like" ON "django_session" ("session_key" varchar_pattern_ops); args=None; alias=default
DEBUG 2024-11-06 14:59:03,925 schema CREATE INDEX "django_session_expire_date_a5c62663" ON "django_session" ("expire_date"); (params None)
DEBUG 2024-11-06 14:59:03,927 utils (0.002) CREATE INDEX "django_session_expire_date_a5c62663" ON "django_session" ("expire_date"); args=None; alias=default
DEBUG 2024-11-06 14:59:03,929 utils (0.001) COMMIT; args=None; alias=default
DEBUG 2024-11-06 14:59:03,930 utils (0.001) INSERT INTO "django_migrations" ("app", "name", "applied") VALUES ('sessions', '0001_initial', '2024-11-06T13:59:03.929173+00:00'::timestamptz) RETURNING "django_migrations"."id"; args=('sessions', '0001_initial', datetime.datetime(2024, 11, 6, 13, 59, 3, 929173, tzinfo=datetime.timezone.utc)); alias=default
DEBUG 2024-11-06 14:59:03,930 utils (0.000) SELECT "django_migrations"."id", "django_migrations"."app", "django_migrations"."name", "django_migrations"."applied" FROM "django_migrations"; args=(); alias=default
DEBUG 2024-11-06 14:59:03,936 utils (0.001) SELECT "django_content_type"."id", "django_content_type"."app_label", "django_content_type"."model" FROM "django_content_type" WHERE "django_content_type"."app_label" = 'admin'; args=('admin',); alias=default
DEBUG 2024-11-06 14:59:03,936 utils (0.000) BEGIN; args=None; alias=default
DEBUG 2024-11-06 14:59:03,937 utils (0.000) INSERT INTO "django_content_type" ("app_label", "model") VALUES ('admin', 'logentry') RETURNING "django_content_type"."id"; args=('admin', 'logentry'); alias=default
DEBUG 2024-11-06 14:59:03,938 utils (0.001) COMMIT; args=None; alias=default
DEBUG 2024-11-06 14:59:03,939 utils (0.000) SELECT "django_content_type"."id", "django_content_type"."app_label", "django_content_type"."model" FROM "django_content_type" WHERE ("django_content_type"."app_label" = 'admin' AND "django_content_type"."model" IN ('logentry')); args=('admin', 'logentry'); alias=default
DEBUG 2024-11-06 14:59:03,940 utils (0.000) SELECT "auth_permission"."content_type_id", "auth_permission"."codename" FROM "auth_permission" INNER JOIN "django_content_type" ON ("auth_permission"."content_type_id" = "django_content_type"."id") WHERE "auth_permission"."content_type_id" IN (1) ORDER BY "django_content_type"."app_label" ASC, "django_content_type"."model" ASC, "auth_permission"."codename" ASC; args=(1,); alias=default
DEBUG 2024-11-06 14:59:03,940 utils (0.000) BEGIN; args=None; alias=default
DEBUG 2024-11-06 14:59:03,940 utils (0.000) INSERT INTO "auth_permission" ("name", "content_type_id", "codename") VALUES ('Can add log entry', 1, 'add_logentry'), ('Can change log entry', 1, 'change_logentry'), ('Can delete log entry', 1, 'delete_logentry'), ('Can view log entry', 1, 'view_logentry') RETURNING "auth_permission"."id"; args=('Can add log entry', 1, 'add_logentry', 'Can change log entry', 1, 'change_logentry', 'Can delete log entry', 1, 'delete_logentry', 'Can view log entry', 1, 'view_logentry'); alias=default
DEBUG 2024-11-06 14:59:03,942 utils (0.001) COMMIT; args=None; alias=default
DEBUG 2024-11-06 14:59:03,942 utils (0.000) SELECT "django_content_type"."id", "django_content_type"."app_label", "django_content_type"."model" FROM "django_content_type" WHERE "django_content_type"."app_label" = 'admin'; args=('admin',); alias=default
DEBUG 2024-11-06 14:59:03,942 utils (0.000) SELECT "django_content_type"."id", "django_content_type"."app_label", "django_content_type"."model" FROM "django_content_type" WHERE "django_content_type"."app_label" = 'auth'; args=('auth',); alias=default
DEBUG 2024-11-06 14:59:03,943 utils (0.000) BEGIN; args=None; alias=default
DEBUG 2024-11-06 14:59:03,943 utils (0.000) INSERT INTO "django_content_type" ("app_label", "model") VALUES ('auth', 'permission'), ('auth', 'group') RETURNING "django_content_type"."id"; args=('auth', 'permission', 'auth', 'group'); alias=default
DEBUG 2024-11-06 14:59:03,944 utils (0.001) COMMIT; args=None; alias=default
DEBUG 2024-11-06 14:59:03,945 utils (0.000) SELECT "django_content_type"."id", "django_content_type"."app_label", "django_content_type"."model" FROM "django_content_type" WHERE ("django_content_type"."app_label" = 'auth' AND "django_content_type"."model" IN ('permission', 'group')); args=('auth', 'permission', 'group'); alias=default
DEBUG 2024-11-06 14:59:03,946 utils (0.000) SELECT "auth_permission"."content_type_id", "auth_permission"."codename" FROM "auth_permission" INNER JOIN "django_content_type" ON ("auth_permission"."content_type_id" = "django_content_type"."id") WHERE "auth_permission"."content_type_id" IN (2, 3) ORDER BY "django_content_type"."app_label" ASC, "django_content_type"."model" ASC, "auth_permission"."codename" ASC; args=(2, 3); alias=default
DEBUG 2024-11-06 14:59:03,946 utils (0.000) BEGIN; args=None; alias=default
DEBUG 2024-11-06 14:59:03,946 utils (0.000) INSERT INTO "auth_permission" ("name", "content_type_id", "codename") VALUES ('Can add permission', 2, 'add_permission'), ('Can change permission', 2, 'change_permission'), ('Can delete permission', 2, 'delete_permission'), ('Can view permission', 2, 'view_permission'), ('Can add group', 3, 'add_group'), ('Can change group', 3, 'change_group'), ('Can delete group', 3, 'delete_group'), ('Can view group', 3, 'view_group') RETURNING "auth_permission"."id"; args=('Can add permission', 2, 'add_permission', 'Can change permission', 2, 'change_permission', 'Can delete permission', 2, 'delete_permission', 'Can view permission', 2, 'view_permission', 'Can add group', 3, 'add_group', 'Can change group', 3, 'change_group', 'Can delete group', 3, 'delete_group', 'Can view group', 3, 'view_group'); alias=default
DEBUG 2024-11-06 14:59:03,948 utils (0.001) COMMIT; args=None; alias=default
DEBUG 2024-11-06 14:59:03,948 utils (0.000) SELECT "django_content_type"."id", "django_content_type"."app_label", "django_content_type"."model" FROM "django_content_type" WHERE "django_content_type"."app_label" = 'auth'; args=('auth',); alias=default
DEBUG 2024-11-06 14:59:03,949 utils (0.000) SELECT "django_content_type"."id", "django_content_type"."app_label", "django_content_type"."model" FROM "django_content_type" WHERE "django_content_type"."app_label" = 'contenttypes'; args=('contenttypes',); alias=default
DEBUG 2024-11-06 14:59:03,949 utils (0.000) BEGIN; args=None; alias=default
DEBUG 2024-11-06 14:59:03,949 utils (0.000) INSERT INTO "django_content_type" ("app_label", "model") VALUES ('contenttypes', 'contenttype') RETURNING "django_content_type"."id"; args=('contenttypes', 'contenttype'); alias=default
DEBUG 2024-11-06 14:59:03,950 utils (0.001) COMMIT; args=None; alias=default
DEBUG 2024-11-06 14:59:03,951 utils (0.000) SELECT "django_content_type"."id", "django_content_type"."app_label", "django_content_type"."model" FROM "django_content_type" WHERE ("django_content_type"."app_label" = 'contenttypes' AND "django_content_type"."model" IN ('contenttype')); args=('contenttypes', 'contenttype'); alias=default
DEBUG 2024-11-06 14:59:03,951 utils (0.000) SELECT "auth_permission"."content_type_id", "auth_permission"."codename" FROM "auth_permission" INNER JOIN "django_content_type" ON ("auth_permission"."content_type_id" = "django_content_type"."id") WHERE "auth_permission"."content_type_id" IN (4) ORDER BY "django_content_type"."app_label" ASC, "django_content_type"."model" ASC, "auth_permission"."codename" ASC; args=(4,); alias=default
DEBUG 2024-11-06 14:59:03,951 utils (0.000) BEGIN; args=None; alias=default
DEBUG 2024-11-06 14:59:03,952 utils (0.000) INSERT INTO "auth_permission" ("name", "content_type_id", "codename") VALUES ('Can add content type', 4, 'add_contenttype'), ('Can change content type', 4, 'change_contenttype'), ('Can delete content type', 4, 'delete_contenttype'), ('Can view content type', 4, 'view_contenttype') RETURNING "auth_permission"."id"; args=('Can add content type', 4, 'add_contenttype', 'Can change content type', 4, 'change_contenttype', 'Can delete content type', 4, 'delete_contenttype', 'Can view content type', 4, 'view_contenttype'); alias=default
DEBUG 2024-11-06 14:59:03,953 utils (0.001) COMMIT; args=None; alias=default
DEBUG 2024-11-06 14:59:03,954 utils (0.000) SELECT "django_content_type"."id", "django_content_type"."app_label", "django_content_type"."model" FROM "django_content_type" WHERE "django_content_type"."app_label" = 'contenttypes'; args=('contenttypes',); alias=default
DEBUG 2024-11-06 14:59:03,954 utils (0.000) SELECT "django_content_type"."id", "django_content_type"."app_label", "django_content_type"."model" FROM "django_content_type" WHERE "django_content_type"."app_label" = 'sessions'; args=('sessions',); alias=default
DEBUG 2024-11-06 14:59:03,954 utils (0.000) BEGIN; args=None; alias=default
DEBUG 2024-11-06 14:59:03,955 utils (0.000) INSERT INTO "django_content_type" ("app_label", "model") VALUES ('sessions', 'session') RETURNING "django_content_type"."id"; args=('sessions', 'session'); alias=default
DEBUG 2024-11-06 14:59:03,956 utils (0.001) COMMIT; args=None; alias=default
DEBUG 2024-11-06 14:59:03,956 utils (0.000) SELECT "django_content_type"."id", "django_content_type"."app_label", "django_content_type"."model" FROM "django_content_type" WHERE ("django_content_type"."app_label" = 'sessions' AND "django_content_type"."model" IN ('session')); args=('sessions', 'session'); alias=default
DEBUG 2024-11-06 14:59:03,957 utils (0.000) SELECT "auth_permission"."content_type_id", "auth_permission"."codename" FROM "auth_permission" INNER JOIN "django_content_type" ON ("auth_permission"."content_type_id" = "django_content_type"."id") WHERE "auth_permission"."content_type_id" IN (5) ORDER BY "django_content_type"."app_label" ASC, "django_content_type"."model" ASC, "auth_permission"."codename" ASC; args=(5,); alias=default
DEBUG 2024-11-06 14:59:03,957 utils (0.000) BEGIN; args=None; alias=default
DEBUG 2024-11-06 14:59:03,958 utils (0.000) INSERT INTO "auth_permission" ("name", "content_type_id", "codename") VALUES ('Can add session', 5, 'add_session'), ('Can change session', 5, 'change_session'), ('Can delete session', 5, 'delete_session'), ('Can view session', 5, 'view_session') RETURNING "auth_permission"."id"; args=('Can add session', 5, 'add_session', 'Can change session', 5, 'change_session', 'Can delete session', 5, 'delete_session', 'Can view session', 5, 'view_session'); alias=default
DEBUG 2024-11-06 14:59:03,959 utils (0.001) COMMIT; args=None; alias=default
DEBUG 2024-11-06 14:59:03,959 utils (0.000) SELECT "django_content_type"."id", "django_content_type"."app_label", "django_content_type"."model" FROM "django_content_type" WHERE "django_content_type"."app_label" = 'sessions'; args=('sessions',); alias=default
DEBUG 2024-11-06 14:59:03,960 utils (0.000) SELECT "django_content_type"."id", "django_content_type"."app_label", "django_content_type"."model" FROM "django_content_type" WHERE "django_content_type"."app_label" = 'users'; args=('users',); alias=default
DEBUG 2024-11-06 14:59:03,960 utils (0.000) BEGIN; args=None; alias=default
DEBUG 2024-11-06 14:59:03,960 utils (0.000) INSERT INTO "django_content_type" ("app_label", "model") VALUES ('users', 'user') RETURNING "django_content_type"."id"; args=('users', 'user'); alias=default
DEBUG 2024-11-06 14:59:03,962 utils (0.001) COMMIT; args=None; alias=default
DEBUG 2024-11-06 14:59:03,962 utils (0.000) SELECT "django_content_type"."id", "django_content_type"."app_label", "django_content_type"."model" FROM "django_content_type" WHERE ("django_content_type"."app_label" = 'users' AND "django_content_type"."model" IN ('user')); args=('users', 'user'); alias=default
DEBUG 2024-11-06 14:59:03,963 utils (0.000) SELECT "auth_permission"."content_type_id", "auth_permission"."codename" FROM "auth_permission" INNER JOIN "django_content_type" ON ("auth_permission"."content_type_id" = "django_content_type"."id") WHERE "auth_permission"."content_type_id" IN (6) ORDER BY "django_content_type"."app_label" ASC, "django_content_type"."model" ASC, "auth_permission"."codename" ASC; args=(6,); alias=default
DEBUG 2024-11-06 14:59:03,964 utils (0.000) BEGIN; args=None; alias=default
DEBUG 2024-11-06 14:59:03,964 utils (0.000) INSERT INTO "auth_permission" ("name", "content_type_id", "codename") VALUES ('Can add user', 6, 'add_user'), ('Can change user', 6, 'change_user'), ('Can delete user', 6, 'delete_user'), ('Can view user', 6, 'view_user') RETURNING "auth_permission"."id"; args=('Can add user', 6, 'add_user', 'Can change user', 6, 'change_user', 'Can delete user', 6, 'delete_user', 'Can view user', 6, 'view_user'); alias=default
DEBUG 2024-11-06 14:59:03,966 utils (0.001) COMMIT; args=None; alias=default
DEBUG 2024-11-06 14:59:03,966 utils (0.000) SELECT "django_content_type"."id", "django_content_type"."app_label", "django_content_type"."model" FROM "django_content_type" WHERE "django_content_type"."app_label" = 'users'; args=('users',); alias=default
